Using pre-set license
Built from '2020.3/staging' branch; Version is '2020.3.16f1 (049d6eca3c44) revision 302446'; Using compiler version '192528614'; Build Type 'Release'
OS: 'Windows 10 Pro; OS build 19043.1288; Version 2009; 64bit' Language: 'en' Physical Memory: 16299 MB
BatchMode: 1, IsHumanControllingUs: 0, StartBugReporterOnCrash: 0, Is64bit: 1, IsPro: 0

 COMMAND LINE ARGUMENTS:
D:\Program Files\Unity\Unity Installs\2020.3.16f1\Editor\Unity.exe
-adb2
-batchMode
-noUpm
-name
AssetImportWorker0
-projectPath
C:/Users/Aaron Ni/Documents/Unity Projects/All Treats No Tricks
-logFile
Logs/AssetImportWorker0.log
-srvPort
56816
Successfully changed project path to: C:/Users/Aaron Ni/Documents/Unity Projects/All Treats No Tricks
C:/Users/Aaron Ni/Documents/Unity Projects/All Treats No Tricks
Using Asset Import Pipeline V2.
Refreshing native plugins compatible for Editor in 48.15 ms, found 2 plugins.
Preloading 0 native plugins for Editor in 0.00 ms.
Initialize engine version: 2020.3.16f1 (049d6eca3c44)
[Subsystems] Discovering subsystems at path D:/Program Files/Unity/Unity Installs/2020.3.16f1/Editor/Data/Resources/UnitySubsystems
[Subsystems] Discovering subsystems at path C:/Users/Aaron Ni/Documents/Unity Projects/All Treats No Tricks/Assets
GfxDevice: creating device client; threaded=0
Direct3D:
    Version:  Direct3D 11.0 [level 11.1]
    Renderer: NVIDIA GeForce RTX 2070 SUPER (ID=0x1e84)
    Vendor:   
    VRAM:     8011 MB
    Driver:   30.0.14.7141
Initialize mono
Mono path[0] = 'D:/Program Files/Unity/Unity Installs/2020.3.16f1/Editor/Data/Managed'
Mono path[1] = 'D:/Program Files/Unity/Unity Installs/2020.3.16f1/Editor/Data/MonoBleedingEdge/lib/mono/unityjit'
Mono config path = 'D:/Program Files/Unity/Unity Installs/2020.3.16f1/Editor/Data/MonoBleedingEdge/etc'
Using monoOptions --debugger-agent=transport=dt_socket,embedding=1,server=y,suspend=n,address=127.0.0.1:56604
Begin MonoManager ReloadAssembly
Registering precompiled unity dll's ...
Register platform support module: D:/Program Files/Unity/Unity Installs/2020.3.16f1/Editor/Data/PlaybackEngines/WindowsStandaloneSupport/UnityEditor.WindowsStandalone.Extensions.dll
Registered in 0.001953 seconds.
Native extension for WindowsStandalone target not found
Refreshing native plugins compatible for Editor in 88.68 ms, found 2 plugins.
Preloading 0 native plugins for Editor in 0.00 ms.
Mono: successfully reloaded assembly
- Completed reload, in  3.397 seconds
Domain Reload Profiling:
	ReloadAssembly (3397ms)
		BeginReloadAssembly (100ms)
			ExecutionOrderSort (0ms)
			DisableScriptedObjects (0ms)
			BackupInstance (0ms)
			ReleaseScriptingObjects (0ms)
			CreateAndSetChildDomain (1ms)
		EndReloadAssembly (797ms)
			LoadAssemblies (99ms)
			RebuildTransferFunctionScriptingTraits (0ms)
			SetupTypeCache (279ms)
			ReleaseScriptCaches (0ms)
			RebuildScriptCaches (74ms)
			SetupLoadedEditorAssemblies (324ms)
				LogAssemblyErrors (0ms)
				InitializePlatformSupportModulesInManaged (9ms)
				SetLoadedEditorAssemblies (0ms)
				RefreshPlugins (89ms)
				BeforeProcessingInitializeOnLoad (24ms)
				ProcessInitializeOnLoadAttributes (152ms)
				ProcessInitializeOnLoadMethodAttributes (48ms)
				AfterProcessingInitializeOnLoad (0ms)
				EditorAssembliesLoaded (0ms)
			ExecutionOrderSort2 (0ms)
			AwakeInstancesAfterBackupRestoration (0ms)
Platform modules already initialized, skipping
Registering precompiled user dll's ...
Registered in 0.006114 seconds.
Begin MonoManager ReloadAssembly
Native extension for WindowsStandalone target not found
Refreshing native plugins compatible for Editor in 0.45 ms, found 2 plugins.
Preloading 0 native plugins for Editor in 0.00 ms.
Mono: successfully reloaded assembly
- Completed reload, in  1.829 seconds
Domain Reload Profiling:
	ReloadAssembly (1830ms)
		BeginReloadAssembly (244ms)
			ExecutionOrderSort (0ms)
			DisableScriptedObjects (7ms)
			BackupInstance (0ms)
			ReleaseScriptingObjects (0ms)
			CreateAndSetChildDomain (23ms)
		EndReloadAssembly (1478ms)
			LoadAssemblies (152ms)
			RebuildTransferFunctionScriptingTraits (0ms)
			SetupTypeCache (420ms)
			ReleaseScriptCaches (1ms)
			RebuildScriptCaches (72ms)
			SetupLoadedEditorAssemblies (702ms)
				LogAssemblyErrors (0ms)
				InitializePlatformSupportModulesInManaged (7ms)
				SetLoadedEditorAssemblies (1ms)
				RefreshPlugins (1ms)
				BeforeProcessingInitializeOnLoad (168ms)
				ProcessInitializeOnLoadAttributes (514ms)
				ProcessInitializeOnLoadMethodAttributes (7ms)
				AfterProcessingInitializeOnLoad (4ms)
				EditorAssembliesLoaded (0ms)
			ExecutionOrderSort2 (0ms)
			AwakeInstancesAfterBackupRestoration (12ms)
Platform modules already initialized, skipping
========================================================================
Worker process is ready to serve import requests
Launched and connected shader compiler UnityShaderCompiler.exe after 0.12 seconds
Refreshing native plugins compatible for Editor in 0.65 ms, found 2 plugins.
Preloading 0 native plugins for Editor in 0.00 ms.
Unloading 1398 Unused Serialized files (Serialized files now loaded: 0)
System memory in use before: 65.0 MB.
System memory in use after: 65.0 MB.

Unloading 18 unused Assets to reduce memory usage. Loaded Objects now: 1831.
Total: 5.212200 ms (FindLiveObjects: 0.334200 ms CreateObjectMapping: 0.079700 ms MarkObjects: 4.680800 ms  DeleteObjects: 0.115600 ms)

AssetImportParameters requested are different than current active one (requested -> active):
  custom:framework-win-MediaFoundation: 216162199b28c13a410421893ffa2e32 -> 
  custom:video-decoder-ogg-theora: a1e56fd34408186e4bbccfd4996cb3dc -> 
  custom:container-muxer-webm: aa71ff27fc2769a1b78a27578f13a17b -> 
  custom:container-demuxer-webm: 4f35f7cbe854078d1ac9338744f61a02 -> 
  custom:container-demuxer-ogg: 62fdf1f143b41e24485cea50d1cbac27 -> 
  custom:video-encoder-webm-vp8: eb34c28f22e8b96e1ab97ce403110664 -> 
  custom:video-decoder-webm-vp8: 9c59270c3fd7afecdb556c50c9e8de78 -> 
  custom:audio-decoder-ogg-vorbis: bf7c407c2cedff20999df2af8eb42d56 -> 
  custom:audio-encoder-webm-vorbis: bf7c407c2cedff20999df2af8eb42d56 -> 
========================================================================
Received Import Request.
  path: Assets/twix.fbx
  artifactKey: Guid(c4ec2c9c014a8344c9277b03ac891b5f) Importer(815301076,1909f56bfc062723c751e8b465ee728b)
Start importing Assets/twix.fbx using Guid(c4ec2c9c014a8344c9277b03ac891b5f) Importer(815301076,1909f56bfc062723c751e8b465ee728b)  -> (artifact id: '91a7415fb8bb97eb41edea664e9f39bb') in 0.297241 seconds 
  Import took 0.302735 seconds .

========================================================================
Received Import Request.
  Time since last request: 0.000423 seconds.
  path: Assets/m&m.fbx
  artifactKey: Guid(9739065f1edcd7a4e84088ceb90a1147) Importer(815301076,1909f56bfc062723c751e8b465ee728b)
Start importing Assets/m&m.fbx using Guid(9739065f1edcd7a4e84088ceb90a1147) Importer(815301076,1909f56bfc062723c751e8b465ee728b)  -> (artifact id: '6bb6a11d3c1b1bf297ac457ca50895c9') in 0.036757 seconds 
  Import took 0.040342 seconds .

========================================================================
Received Import Request.
  Time since last request: 0.000302 seconds.
  path: Assets/snickers.fbx
  artifactKey: Guid(81b38f46d2f28d140bf1c2737c544cde) Importer(815301076,1909f56bfc062723c751e8b465ee728b)
Start importing Assets/snickers.fbx using Guid(81b38f46d2f28d140bf1c2737c544cde) Importer(815301076,1909f56bfc062723c751e8b465ee728b)  -> (artifact id: 'e12a97a902c3f4a83072ed546e6479c1') in 0.032001 seconds 
  Import took 0.036875 seconds .

========================================================================
Received Import Request.
  Time since last request: 0.000333 seconds.
  path: Assets/milky way.fbx
  artifactKey: Guid(da935bae69aa48a4f8528fd3c042a1bb) Importer(815301076,1909f56bfc062723c751e8b465ee728b)
Start importing Assets/milky way.fbx using Guid(da935bae69aa48a4f8528fd3c042a1bb) Importer(815301076,1909f56bfc062723c751e8b465ee728b)  -> (artifact id: '2a601305c46bdec96afe4fe7fb33e920') in 0.030659 seconds 
  Import took 0.035155 seconds .

========================================================================
Received Import Request.
  Time since last request: 70.456019 seconds.
  path: Assets/m&m.fbx
  artifactKey: Guid(9739065f1edcd7a4e84088ceb90a1147) Importer(815301076,1909f56bfc062723c751e8b465ee728b)
Start importing Assets/m&m.fbx using Guid(9739065f1edcd7a4e84088ceb90a1147) Importer(815301076,1909f56bfc062723c751e8b465ee728b)  -> (artifact id: 'c734e4ae80c35ed219e2ba853a71c8e3') in 0.037149 seconds 
  Import took 0.044587 seconds .

========================================================================
Received Import Request.
  Time since last request: 19.964399 seconds.
  path: Assets/Materials/m&mTexture.png
  artifactKey: Guid(39404e1571985e2419d76db063a59848) Importer(815301076,1909f56bfc062723c751e8b465ee728b)
Start importing Assets/Materials/m&mTexture.png using Guid(39404e1571985e2419d76db063a59848) Importer(815301076,1909f56bfc062723c751e8b465ee728b)  -> (artifact id: '51bcb1c417c9d6675f1a6f5893e68ef1') in 0.053847 seconds 
  Import took 0.057888 seconds .

========================================================================
Received Import Request.
  Time since last request: 0.000251 seconds.
  path: Assets/Materials/snickersTexture.png
  artifactKey: Guid(e1ce926a9b14f7a4c802ddda822ca243) Importer(815301076,1909f56bfc062723c751e8b465ee728b)
Start importing Assets/Materials/snickersTexture.png using Guid(e1ce926a9b14f7a4c802ddda822ca243) Importer(815301076,1909f56bfc062723c751e8b465ee728b)  -> (artifact id: '04bfa969cc177dce648d1a31c224a3ea') in 0.015010 seconds 
  Import took 0.018715 seconds .

========================================================================
Received Import Request.
  Time since last request: 0.000216 seconds.
  path: Assets/Materials/twixTexture.png
  artifactKey: Guid(3bb9a47dcdf9cfd4296ca176c0682159) Importer(815301076,1909f56bfc062723c751e8b465ee728b)
Start importing Assets/Materials/twixTexture.png using Guid(3bb9a47dcdf9cfd4296ca176c0682159) Importer(815301076,1909f56bfc062723c751e8b465ee728b)  -> (artifact id: '94604b5b50793a0b9696557851e33262') in 0.016741 seconds 
  Import took 0.020488 seconds .

========================================================================
Received Import Request.
  Time since last request: 0.000230 seconds.
  path: Assets/Materials/milkywayTexture.png
  artifactKey: Guid(e2478a20548404a4d92821d732017c42) Importer(815301076,1909f56bfc062723c751e8b465ee728b)
Start importing Assets/Materials/milkywayTexture.png using Guid(e2478a20548404a4d92821d732017c42) Importer(815301076,1909f56bfc062723c751e8b465ee728b)  -> (artifact id: 'cac9b202c04093e5f685ff1a6c1168ea') in 0.017104 seconds 
  Import took 0.021043 seconds .

========================================================================
Received Import Request.
  Time since last request: 16.174023 seconds.
  path: Assets/milky way.fbx
  artifactKey: Guid(da935bae69aa48a4f8528fd3c042a1bb) Importer(815301076,1909f56bfc062723c751e8b465ee728b)
Start importing Assets/milky way.fbx using Guid(da935bae69aa48a4f8528fd3c042a1bb) Importer(815301076,1909f56bfc062723c751e8b465ee728b)  -> (artifact id: '8b216960764946968cf5d2d33d7eeaa5') in 0.033178 seconds 
  Import took 0.037416 seconds .

========================================================================
Received Import Request.
  Time since last request: 0.000255 seconds.
  path: Assets/twix.fbx
  artifactKey: Guid(c4ec2c9c014a8344c9277b03ac891b5f) Importer(815301076,1909f56bfc062723c751e8b465ee728b)
Start importing Assets/twix.fbx using Guid(c4ec2c9c014a8344c9277b03ac891b5f) Importer(815301076,1909f56bfc062723c751e8b465ee728b)  -> (artifact id: 'bb508cc1aced13382b7ebe0ab0bd7591') in 0.051828 seconds 
  Import took 0.055327 seconds .

========================================================================
Received Import Request.
  Time since last request: 0.000248 seconds.
  path: Assets/snickers.fbx
  artifactKey: Guid(81b38f46d2f28d140bf1c2737c544cde) Importer(815301076,1909f56bfc062723c751e8b465ee728b)
Start importing Assets/snickers.fbx using Guid(81b38f46d2f28d140bf1c2737c544cde) Importer(815301076,1909f56bfc062723c751e8b465ee728b)  -> (artifact id: '465f150e083d889871ca93273a9322bd') in 0.035680 seconds 
  Import took 0.039631 seconds .

========================================================================
Received Import Request.
  Time since last request: 161.023475 seconds.
  path: Assets/Materials/m&mTexture.mat
  artifactKey: Guid(857eb5bf684b3a148b77e79229fed738) Importer(815301076,1909f56bfc062723c751e8b465ee728b)
Start importing Assets/Materials/m&mTexture.mat using Guid(857eb5bf684b3a148b77e79229fed738) Importer(815301076,1909f56bfc062723c751e8b465ee728b)  -> (artifact id: 'e8cf9f27c315742e592f179c7a91d9d6') in 0.018513 seconds 
  Import took 0.022375 seconds .

========================================================================
Received Import Request.
  Time since last request: 50.919194 seconds.
  path: Assets/m&m.fbx
  artifactKey: Guid(9739065f1edcd7a4e84088ceb90a1147) Importer(815301076,1909f56bfc062723c751e8b465ee728b)
Start importing Assets/m&m.fbx using Guid(9739065f1edcd7a4e84088ceb90a1147) Importer(815301076,1909f56bfc062723c751e8b465ee728b)  -> (artifact id: '81f98586111cf9656416dd7c24ee056e') in 0.037503 seconds 
  Import took 0.042835 seconds .

========================================================================
Received Import Request.
  Time since last request: 155.115122 seconds.
  path: Assets/m&m.fbx
  artifactKey: Guid(9739065f1edcd7a4e84088ceb90a1147) Importer(815301076,1909f56bfc062723c751e8b465ee728b)
Start importing Assets/m&m.fbx using Guid(9739065f1edcd7a4e84088ceb90a1147) Importer(815301076,1909f56bfc062723c751e8b465ee728b)  -> (artifact id: 'cba543c801fd78bf2852fc0ad6a2650f') in 0.036091 seconds 
  Import took 0.040061 seconds .

========================================================================
Received Import Request.
  Time since last request: 0.000252 seconds.
  path: Assets/twix.fbx
  artifactKey: Guid(c4ec2c9c014a8344c9277b03ac891b5f) Importer(815301076,1909f56bfc062723c751e8b465ee728b)
Start importing Assets/twix.fbx using Guid(c4ec2c9c014a8344c9277b03ac891b5f) Importer(815301076,1909f56bfc062723c751e8b465ee728b)  -> (artifact id: 'e348c2070cbd4cf4f8ff94b198a5ed9f') in 0.044957 seconds 
  Import took 0.049517 seconds .

========================================================================
Received Import Request.
  Time since last request: 0.000222 seconds.
  path: Assets/snickers.fbx
  artifactKey: Guid(81b38f46d2f28d140bf1c2737c544cde) Importer(815301076,1909f56bfc062723c751e8b465ee728b)
Start importing Assets/snickers.fbx using Guid(81b38f46d2f28d140bf1c2737c544cde) Importer(815301076,1909f56bfc062723c751e8b465ee728b)  -> (artifact id: '26905cb00aa8c114e859b4770b635840') in 0.039514 seconds 
  Import took 0.043048 seconds .

========================================================================
Received Import Request.
  Time since last request: 0.000226 seconds.
  path: Assets/milky way.fbx
  artifactKey: Guid(da935bae69aa48a4f8528fd3c042a1bb) Importer(815301076,1909f56bfc062723c751e8b465ee728b)
Start importing Assets/milky way.fbx using Guid(da935bae69aa48a4f8528fd3c042a1bb) Importer(815301076,1909f56bfc062723c751e8b465ee728b)  -> (artifact id: '56fcc365e3fa97177979d30b85dd7297') in 0.033761 seconds 
  Import took 0.037431 seconds .

========================================================================
Received Import Request.
  Time since last request: 50.769311 seconds.
  path: Assets/m&m.fbx
  artifactKey: Guid(9739065f1edcd7a4e84088ceb90a1147) Importer(815301076,1909f56bfc062723c751e8b465ee728b)
Start importing Assets/m&m.fbx using Guid(9739065f1edcd7a4e84088ceb90a1147) Importer(815301076,1909f56bfc062723c751e8b465ee728b)  -> (artifact id: 'e368b3ee7358482a7a6e20a7316fac68') in 0.040400 seconds 
  Import took 0.044101 seconds .

========================================================================
Received Import Request.
  Time since last request: 33.519672 seconds.
  path: Assets/milky way.fbx
  artifactKey: Guid(da935bae69aa48a4f8528fd3c042a1bb) Importer(815301076,1909f56bfc062723c751e8b465ee728b)
Start importing Assets/milky way.fbx using Guid(da935bae69aa48a4f8528fd3c042a1bb) Importer(815301076,1909f56bfc062723c751e8b465ee728b)  -> (artifact id: '9fb79bd1b75fd3b89990893046b3fce7') in 0.034978 seconds 
  Import took 0.039115 seconds .

========================================================================
Received Import Request.
  Time since last request: 0.000232 seconds.
  path: Assets/twix.fbx
  artifactKey: Guid(c4ec2c9c014a8344c9277b03ac891b5f) Importer(815301076,1909f56bfc062723c751e8b465ee728b)
Start importing Assets/twix.fbx using Guid(c4ec2c9c014a8344c9277b03ac891b5f) Importer(815301076,1909f56bfc062723c751e8b465ee728b)  -> (artifact id: '134a9e24d13639a1475bd9776cce32d4') in 0.043417 seconds 
  Import took 0.047080 seconds .

========================================================================
Received Import Request.
  Time since last request: 0.000223 seconds.
  path: Assets/snickers.fbx
  artifactKey: Guid(81b38f46d2f28d140bf1c2737c544cde) Importer(815301076,1909f56bfc062723c751e8b465ee728b)
Start importing Assets/snickers.fbx using Guid(81b38f46d2f28d140bf1c2737c544cde) Importer(815301076,1909f56bfc062723c751e8b465ee728b)  -> (artifact id: '53aa514151c0180d237fe159a9bddf63') in 0.042364 seconds 
  Import took 0.046296 seconds .

========================================================================
Received Import Request.
  Time since last request: 85.094741 seconds.
  path: Assets/m&m.fbx
  artifactKey: Guid(9739065f1edcd7a4e84088ceb90a1147) Importer(815301076,1909f56bfc062723c751e8b465ee728b)
Start importing Assets/m&m.fbx using Guid(9739065f1edcd7a4e84088ceb90a1147) Importer(815301076,1909f56bfc062723c751e8b465ee728b)  -> (artifact id: 'fd764b454b9aaa8ec18bca9cac92056f') in 0.031417 seconds 
  Import took 0.035688 seconds .

========================================================================
Received Import Request.
  Time since last request: 0.000228 seconds.
  path: Assets/twix.fbx
  artifactKey: Guid(c4ec2c9c014a8344c9277b03ac891b5f) Importer(815301076,1909f56bfc062723c751e8b465ee728b)
Start importing Assets/twix.fbx using Guid(c4ec2c9c014a8344c9277b03ac891b5f) Importer(815301076,1909f56bfc062723c751e8b465ee728b)  -> (artifact id: 'f770e2504a0b4c346d68bde905bd43bf') in 0.041343 seconds 
  Import took 0.044764 seconds .

========================================================================
Received Import Request.
  Time since last request: 0.000254 seconds.
  path: Assets/snickers.fbx
  artifactKey: Guid(81b38f46d2f28d140bf1c2737c544cde) Importer(815301076,1909f56bfc062723c751e8b465ee728b)
Start importing Assets/snickers.fbx using Guid(81b38f46d2f28d140bf1c2737c544cde) Importer(815301076,1909f56bfc062723c751e8b465ee728b)  -> (artifact id: '86dc8c621aa115c5c15de22c26a1d552') in 0.044242 seconds 
  Import took 0.048514 seconds .

========================================================================
Received Import Request.
  Time since last request: 0.000267 seconds.
  path: Assets/milky way.fbx
  artifactKey: Guid(da935bae69aa48a4f8528fd3c042a1bb) Importer(815301076,1909f56bfc062723c751e8b465ee728b)
Start importing Assets/milky way.fbx using Guid(da935bae69aa48a4f8528fd3c042a1bb) Importer(815301076,1909f56bfc062723c751e8b465ee728b)  -> (artifact id: '53b553fad2e04b521855f021f1cd4668') in 0.036452 seconds 
  Import took 0.040021 seconds .

========================================================================
Received Prepare
Registering precompiled user dll's ...
Registered in 0.006569 seconds.
Begin MonoManager ReloadAssembly
Native extension for WindowsStandalone target not found
Refreshing native plugins compatible for Editor in 0.48 ms, found 2 plugins.
Preloading 0 native plugins for Editor in 0.00 ms.
Mono: successfully reloaded assembly
- Completed reload, in  1.680 seconds
Domain Reload Profiling:
	ReloadAssembly (1680ms)
		BeginReloadAssembly (180ms)
			ExecutionOrderSort (0ms)
			DisableScriptedObjects (6ms)
			BackupInstance (0ms)
			ReleaseScriptingObjects (0ms)
			CreateAndSetChildDomain (48ms)
		EndReloadAssembly (1400ms)
			LoadAssemblies (154ms)
			RebuildTransferFunctionScriptingTraits (0ms)
			SetupTypeCache (426ms)
			ReleaseScriptCaches (1ms)
			RebuildScriptCaches (67ms)
			SetupLoadedEditorAssemblies (628ms)
				LogAssemblyErrors (0ms)
				InitializePlatformSupportModulesInManaged (7ms)
				SetLoadedEditorAssemblies (1ms)
				RefreshPlugins (1ms)
				BeforeProcessingInitializeOnLoad (129ms)
				ProcessInitializeOnLoadAttributes (480ms)
				ProcessInitializeOnLoadMethodAttributes (6ms)
				AfterProcessingInitializeOnLoad (4ms)
				EditorAssembliesLoaded (0ms)
			ExecutionOrderSort2 (0ms)
			AwakeInstancesAfterBackupRestoration (12ms)
Platform modules already initialized, skipping
Refreshing native plugins compatible for Editor in 0.70 ms, found 2 plugins.
Preloading 0 native plugins for Editor in 0.00 ms.
Unloading 1392 Unused Serialized files (Serialized files now loaded: 0)
System memory in use before: 68.3 MB.
System memory in use after: 68.4 MB.

Unloading 13 unused Assets to reduce memory usage. Loaded Objects now: 1877.
Total: 4.605200 ms (FindLiveObjects: 0.241200 ms CreateObjectMapping: 0.062700 ms MarkObjects: 4.269800 ms  DeleteObjects: 0.029300 ms)

AssetImportParameters requested are different than current active one (requested -> active):
  custom:framework-win-MediaFoundation: 216162199b28c13a410421893ffa2e32 -> 
  custom:video-decoder-ogg-theora: a1e56fd34408186e4bbccfd4996cb3dc -> 
  custom:container-muxer-webm: aa71ff27fc2769a1b78a27578f13a17b -> 
  custom:container-demuxer-webm: 4f35f7cbe854078d1ac9338744f61a02 -> 
  custom:container-demuxer-ogg: 62fdf1f143b41e24485cea50d1cbac27 -> 
  custom:video-encoder-webm-vp8: eb34c28f22e8b96e1ab97ce403110664 -> 
  custom:video-decoder-webm-vp8: 9c59270c3fd7afecdb556c50c9e8de78 -> 
  custom:audio-decoder-ogg-vorbis: bf7c407c2cedff20999df2af8eb42d56 -> 
  custom:audio-encoder-webm-vorbis: bf7c407c2cedff20999df2af8eb42d56 -> 
========================================================================
Received Prepare
Registering precompiled user dll's ...
Registered in 0.006265 seconds.
Begin MonoManager ReloadAssembly
Native extension for WindowsStandalone target not found
Refreshing native plugins compatible for Editor in 0.49 ms, found 2 plugins.
Preloading 0 native plugins for Editor in 0.00 ms.
Mono: successfully reloaded assembly
- Completed reload, in  1.625 seconds
Domain Reload Profiling:
	ReloadAssembly (1625ms)
		BeginReloadAssembly (177ms)
			ExecutionOrderSort (0ms)
			DisableScriptedObjects (7ms)
			BackupInstance (0ms)
			ReleaseScriptingObjects (0ms)
			CreateAndSetChildDomain (39ms)
		EndReloadAssembly (1352ms)
			LoadAssemblies (166ms)
			RebuildTransferFunctionScriptingTraits (0ms)
			SetupTypeCache (506ms)
			ReleaseScriptCaches (1ms)
			RebuildScriptCaches (56ms)
			SetupLoadedEditorAssemblies (513ms)
				LogAssemblyErrors (0ms)
				InitializePlatformSupportModulesInManaged (7ms)
				SetLoadedEditorAssemblies (1ms)
				RefreshPlugins (1ms)
				BeforeProcessingInitializeOnLoad (118ms)
				ProcessInitializeOnLoadAttributes (376ms)
				ProcessInitializeOnLoadMethodAttributes (6ms)
				AfterProcessingInitializeOnLoad (4ms)
				EditorAssembliesLoaded (0ms)
			ExecutionOrderSort2 (0ms)
			AwakeInstancesAfterBackupRestoration (10ms)
Platform modules already initialized, skipping
Refreshing native plugins compatible for Editor in 0.48 ms, found 2 plugins.
Preloading 0 native plugins for Editor in 0.00 ms.
Unloading 1392 Unused Serialized files (Serialized files now loaded: 0)
System memory in use before: 68.4 MB.
System memory in use after: 68.5 MB.

Unloading 13 unused Assets to reduce memory usage. Loaded Objects now: 1879.
Total: 4.173400 ms (FindLiveObjects: 0.182300 ms CreateObjectMapping: 0.050700 ms MarkObjects: 3.917800 ms  DeleteObjects: 0.021100 ms)

AssetImportParameters requested are different than current active one (requested -> active):
  custom:framework-win-MediaFoundation: 216162199b28c13a410421893ffa2e32 -> 
  custom:video-decoder-ogg-theora: a1e56fd34408186e4bbccfd4996cb3dc -> 
  custom:container-muxer-webm: aa71ff27fc2769a1b78a27578f13a17b -> 
  custom:container-demuxer-webm: 4f35f7cbe854078d1ac9338744f61a02 -> 
  custom:container-demuxer-ogg: 62fdf1f143b41e24485cea50d1cbac27 -> 
  custom:video-encoder-webm-vp8: eb34c28f22e8b96e1ab97ce403110664 -> 
  custom:video-decoder-webm-vp8: 9c59270c3fd7afecdb556c50c9e8de78 -> 
  custom:audio-decoder-ogg-vorbis: bf7c407c2cedff20999df2af8eb42d56 -> 
  custom:audio-encoder-webm-vorbis: bf7c407c2cedff20999df2af8eb42d56 -> 
========================================================================
Received Import Request.
  Time since last request: 504.190670 seconds.
  path: Assets/m&mPrefab.prefab
  artifactKey: Guid(2e60921bfb0d7ac4397b237c673b746b) Importer(815301076,1909f56bfc062723c751e8b465ee728b)
Start importing Assets/m&mPrefab.prefab using Guid(2e60921bfb0d7ac4397b237c673b746b) Importer(815301076,1909f56bfc062723c751e8b465ee728b)  -> (artifact id: 'acf56468a0af2a854b4e533c8b33be48') in 0.045757 seconds 
  Import took 0.050199 seconds .

========================================================================
Received Import Request.
  Time since last request: 5.639261 seconds.
  path: Assets/m&mPrefab.prefab
  artifactKey: Guid(2e60921bfb0d7ac4397b237c673b746b) Importer(815301076,1909f56bfc062723c751e8b465ee728b)
Start importing Assets/m&mPrefab.prefab using Guid(2e60921bfb0d7ac4397b237c673b746b) Importer(815301076,1909f56bfc062723c751e8b465ee728b)  -> (artifact id: '07ff7201a3183a9f06b1f6881a68b0ae') in 0.065127 seconds 
  Import took 0.069490 seconds .

========================================================================
Received Import Request.
  Time since last request: 26.546982 seconds.
  path: Assets/milkywayPrefab.prefab
  artifactKey: Guid(c6b86b66d292eaf47aef36c5acdf57de) Importer(815301076,1909f56bfc062723c751e8b465ee728b)
Start importing Assets/milkywayPrefab.prefab using Guid(c6b86b66d292eaf47aef36c5acdf57de) Importer(815301076,1909f56bfc062723c751e8b465ee728b)  -> (artifact id: 'c8bf5a3127e7db2d74d46fa45ed250db') in 0.013759 seconds 
  Import took 0.018239 seconds .

========================================================================
Received Import Request.
  Time since last request: 8.958553 seconds.
  path: Assets/snickersPrefab.prefab
  artifactKey: Guid(f3bb17fdd7251a140a36a914f2fecbf6) Importer(815301076,1909f56bfc062723c751e8b465ee728b)
Start importing Assets/snickersPrefab.prefab using Guid(f3bb17fdd7251a140a36a914f2fecbf6) Importer(815301076,1909f56bfc062723c751e8b465ee728b)  -> (artifact id: '1d94b12463365b2b8cde9438e4a01e8d') in 0.011495 seconds 
  Import took 0.015751 seconds .

========================================================================
Received Import Request.
  Time since last request: 9.580644 seconds.
  path: Assets/twixPrefab.prefab
  artifactKey: Guid(044e9490aee89494d9038b439512ab3f) Importer(815301076,1909f56bfc062723c751e8b465ee728b)
Start importing Assets/twixPrefab.prefab using Guid(044e9490aee89494d9038b439512ab3f) Importer(815301076,1909f56bfc062723c751e8b465ee728b)  -> (artifact id: 'a7418786920b301cb98f4f9dcc57ec02') in 0.011683 seconds 
  Import took 0.015322 seconds .

========================================================================
Received Import Request.
  Time since last request: 0.001742 seconds.
  path: Assets/twixPrefab.prefab
  artifactKey: Guid(044e9490aee89494d9038b439512ab3f) Importer(815301076,1909f56bfc062723c751e8b465ee728b)
Start importing Assets/twixPrefab.prefab using Guid(044e9490aee89494d9038b439512ab3f) Importer(815301076,1909f56bfc062723c751e8b465ee728b)  -> (artifact id: 'a7418786920b301cb98f4f9dcc57ec02') in 0.006353 seconds 
  Import took 0.009893 seconds .

========================================================================
Received Import Request.
  Time since last request: 5.251722 seconds.
  path: Assets/milkywayPrefab.prefab
  artifactKey: Guid(c6b86b66d292eaf47aef36c5acdf57de) Importer(815301076,1909f56bfc062723c751e8b465ee728b)
Start importing Assets/milkywayPrefab.prefab using Guid(c6b86b66d292eaf47aef36c5acdf57de) Importer(815301076,1909f56bfc062723c751e8b465ee728b)  -> (artifact id: '66ce4bda03f318f40951d8c07e0c3262') in 0.035167 seconds 
  Import took 0.040765 seconds .

========================================================================
Received Import Request.
  Time since last request: 2.602175 seconds.
  path: Assets/snickersPrefab.prefab
  artifactKey: Guid(f3bb17fdd7251a140a36a914f2fecbf6) Importer(815301076,1909f56bfc062723c751e8b465ee728b)
Start importing Assets/snickersPrefab.prefab using Guid(f3bb17fdd7251a140a36a914f2fecbf6) Importer(815301076,1909f56bfc062723c751e8b465ee728b)  -> (artifact id: 'aa88b51057268485ce873d105b1e2756') in 0.023318 seconds 
  Import took 0.028363 seconds .

========================================================================
Received Import Request.
  Time since last request: 3.898448 seconds.
  path: Assets/twixPrefab.prefab
  artifactKey: Guid(044e9490aee89494d9038b439512ab3f) Importer(815301076,1909f56bfc062723c751e8b465ee728b)
Start importing Assets/twixPrefab.prefab using Guid(044e9490aee89494d9038b439512ab3f) Importer(815301076,1909f56bfc062723c751e8b465ee728b)  -> (artifact id: 'ac2636b8fdb856795381afe1989a7ac5') in 0.023781 seconds 
  Import took 0.027905 seconds .

========================================================================
Received Import Request.
  Time since last request: 0.011502 seconds.
  path: Assets/twixPrefab.prefab
  artifactKey: Guid(044e9490aee89494d9038b439512ab3f) Importer(815301076,1909f56bfc062723c751e8b465ee728b)
Start importing Assets/twixPrefab.prefab using Guid(044e9490aee89494d9038b439512ab3f) Importer(815301076,1909f56bfc062723c751e8b465ee728b)  -> (artifact id: 'ac2636b8fdb856795381afe1989a7ac5') in 0.015764 seconds 
  Import took 0.019783 seconds .

========================================================================
Received Import Request.
  Time since last request: 7.156987 seconds.
  path: Assets/twixPrefab.prefab
  artifactKey: Guid(044e9490aee89494d9038b439512ab3f) Importer(815301076,1909f56bfc062723c751e8b465ee728b)
Start importing Assets/twixPrefab.prefab using Guid(044e9490aee89494d9038b439512ab3f) Importer(815301076,1909f56bfc062723c751e8b465ee728b)  -> (artifact id: '670b41b51752544fdc4eca059ad62c4e') in 0.014588 seconds 
  Import took 0.018090 seconds .

========================================================================
Received Import Request.
  Time since last request: 0.012089 seconds.
  path: Assets/twixPrefab.prefab
  artifactKey: Guid(044e9490aee89494d9038b439512ab3f) Importer(815301076,1909f56bfc062723c751e8b465ee728b)
Start importing Assets/twixPrefab.prefab using Guid(044e9490aee89494d9038b439512ab3f) Importer(815301076,1909f56bfc062723c751e8b465ee728b)  -> (artifact id: '670b41b51752544fdc4eca059ad62c4e') in 0.013642 seconds 
  Import took 0.017851 seconds .

========================================================================
Received Import Request.
  Time since last request: 9.227908 seconds.
  path: Assets/snickersPrefab.prefab
  artifactKey: Guid(f3bb17fdd7251a140a36a914f2fecbf6) Importer(815301076,1909f56bfc062723c751e8b465ee728b)
Start importing Assets/snickersPrefab.prefab using Guid(f3bb17fdd7251a140a36a914f2fecbf6) Importer(815301076,1909f56bfc062723c751e8b465ee728b)  -> (artifact id: '9815a3c5fd555aab23eeb210254b8321') in 0.019330 seconds 
  Import took 0.023592 seconds .

========================================================================
Received Import Request.
  Time since last request: 3.139205 seconds.
  path: Assets/milkywayPrefab.prefab
  artifactKey: Guid(c6b86b66d292eaf47aef36c5acdf57de) Importer(815301076,1909f56bfc062723c751e8b465ee728b)
Start importing Assets/milkywayPrefab.prefab using Guid(c6b86b66d292eaf47aef36c5acdf57de) Importer(815301076,1909f56bfc062723c751e8b465ee728b)  -> (artifact id: 'cf1ab98e2a92981fac5e29d2c0a0cee3') in 0.013088 seconds 
  Import took 0.016864 seconds .

========================================================================
Received Import Request.
  Time since last request: 3.046039 seconds.
  path: Assets/m&mPrefab.prefab
  artifactKey: Guid(2e60921bfb0d7ac4397b237c673b746b) Importer(815301076,1909f56bfc062723c751e8b465ee728b)
Start importing Assets/m&mPrefab.prefab using Guid(2e60921bfb0d7ac4397b237c673b746b) Importer(815301076,1909f56bfc062723c751e8b465ee728b)  -> (artifact id: 'bb3c13a2badbb4e0a1bdada56b6d3232') in 0.016877 seconds 
  Import took 0.020973 seconds .

========================================================================
Received Prepare
Registering precompiled user dll's ...
Registered in 0.006007 seconds.
Begin MonoManager ReloadAssembly
Native extension for WindowsStandalone target not found
Refreshing native plugins compatible for Editor in 0.48 ms, found 2 plugins.
Preloading 0 native plugins for Editor in 0.00 ms.
Mono: successfully reloaded assembly
- Completed reload, in  1.588 seconds
Domain Reload Profiling:
	ReloadAssembly (1588ms)
		BeginReloadAssembly (177ms)
			ExecutionOrderSort (0ms)
			DisableScriptedObjects (8ms)
			BackupInstance (0ms)
			ReleaseScriptingObjects (0ms)
			CreateAndSetChildDomain (44ms)
		EndReloadAssembly (1316ms)
			LoadAssemblies (153ms)
			RebuildTransferFunctionScriptingTraits (0ms)
			SetupTypeCache (425ms)
			ReleaseScriptCaches (1ms)
			RebuildScriptCaches (57ms)
			SetupLoadedEditorAssemblies (542ms)
				LogAssemblyErrors (0ms)
				InitializePlatformSupportModulesInManaged (9ms)
				SetLoadedEditorAssemblies (1ms)
				RefreshPlugins (1ms)
				BeforeProcessingInitializeOnLoad (136ms)
				ProcessInitializeOnLoadAttributes (385ms)
				ProcessInitializeOnLoadMethodAttributes (6ms)
				AfterProcessingInitializeOnLoad (4ms)
				EditorAssembliesLoaded (0ms)
			ExecutionOrderSort2 (0ms)
			AwakeInstancesAfterBackupRestoration (10ms)
Platform modules already initialized, skipping
Refreshing native plugins compatible for Editor in 0.49 ms, found 2 plugins.
Preloading 0 native plugins for Editor in 0.00 ms.
Unloading 1392 Unused Serialized files (Serialized files now loaded: 0)
System memory in use before: 68.4 MB.
System memory in use after: 68.5 MB.

Unloading 13 unused Assets to reduce memory usage. Loaded Objects now: 1882.
Total: 3.975600 ms (FindLiveObjects: 0.211600 ms CreateObjectMapping: 0.050700 ms MarkObjects: 3.687300 ms  DeleteObjects: 0.023600 ms)

AssetImportParameters requested are different than current active one (requested -> active):
  custom:framework-win-MediaFoundation: 216162199b28c13a410421893ffa2e32 -> 
  custom:video-decoder-ogg-theora: a1e56fd34408186e4bbccfd4996cb3dc -> 
  custom:container-muxer-webm: aa71ff27fc2769a1b78a27578f13a17b -> 
  custom:container-demuxer-webm: 4f35f7cbe854078d1ac9338744f61a02 -> 
  custom:container-demuxer-ogg: 62fdf1f143b41e24485cea50d1cbac27 -> 
  custom:video-encoder-webm-vp8: eb34c28f22e8b96e1ab97ce403110664 -> 
  custom:video-decoder-webm-vp8: 9c59270c3fd7afecdb556c50c9e8de78 -> 
  custom:audio-decoder-ogg-vorbis: bf7c407c2cedff20999df2af8eb42d56 -> 
  custom:audio-encoder-webm-vorbis: bf7c407c2cedff20999df2af8eb42d56 -> 
========================================================================
Received Import Request.
  Time since last request: 187.516418 seconds.
  path: Assets/twixPrefab.prefab
  artifactKey: Guid(044e9490aee89494d9038b439512ab3f) Importer(815301076,1909f56bfc062723c751e8b465ee728b)
Start importing Assets/twixPrefab.prefab using Guid(044e9490aee89494d9038b439512ab3f) Importer(815301076,1909f56bfc062723c751e8b465ee728b)  -> (artifact id: 'a8a8277f0c28e006235b0dc5420e319b') in 0.109362 seconds 
  Import took 0.113935 seconds .

========================================================================
Received Import Request.
  Time since last request: 16.138636 seconds.
  path: Assets/m&mPrefab.prefab
  artifactKey: Guid(2e60921bfb0d7ac4397b237c673b746b) Importer(815301076,1909f56bfc062723c751e8b465ee728b)
Start importing Assets/m&mPrefab.prefab using Guid(2e60921bfb0d7ac4397b237c673b746b) Importer(815301076,1909f56bfc062723c751e8b465ee728b)  -> (artifact id: 'bc95c1737747c453cc8c16e12bfa9e64') in 0.030200 seconds 
  Import took 0.035067 seconds .

========================================================================
Received Prepare
Registering precompiled user dll's ...
Registered in 0.008543 seconds.
Begin MonoManager ReloadAssembly
Native extension for WindowsStandalone target not found
Refreshing native plugins compatible for Editor in 0.50 ms, found 2 plugins.
Preloading 0 native plugins for Editor in 0.00 ms.
Mono: successfully reloaded assembly
- Completed reload, in  1.512 seconds
Domain Reload Profiling:
	ReloadAssembly (1512ms)
		BeginReloadAssembly (179ms)
			ExecutionOrderSort (0ms)
			DisableScriptedObjects (6ms)
			BackupInstance (0ms)
			ReleaseScriptingObjects (0ms)
			CreateAndSetChildDomain (47ms)
		EndReloadAssembly (1216ms)
			LoadAssemblies (153ms)
			RebuildTransferFunctionScriptingTraits (0ms)
			SetupTypeCache (350ms)
			ReleaseScriptCaches (1ms)
			RebuildScriptCaches (57ms)
			SetupLoadedEditorAssemblies (522ms)
				LogAssemblyErrors (0ms)
				InitializePlatformSupportModulesInManaged (8ms)
				SetLoadedEditorAssemblies (1ms)
				RefreshPlugins (1ms)
				BeforeProcessingInitializeOnLoad (116ms)
				ProcessInitializeOnLoadAttributes (387ms)
				ProcessInitializeOnLoadMethodAttributes (6ms)
				AfterProcessingInitializeOnLoad (4ms)
				EditorAssembliesLoaded (0ms)
			ExecutionOrderSort2 (0ms)
			AwakeInstancesAfterBackupRestoration (19ms)
Platform modules already initialized, skipping
Refreshing native plugins compatible for Editor in 0.49 ms, found 2 plugins.
Preloading 0 native plugins for Editor in 0.00 ms.
Unloading 1392 Unused Serialized files (Serialized files now loaded: 0)
System memory in use before: 68.4 MB.
System memory in use after: 68.5 MB.

Unloading 13 unused Assets to reduce memory usage. Loaded Objects now: 1885.
Total: 3.990600 ms (FindLiveObjects: 0.180100 ms CreateObjectMapping: 0.050700 ms MarkObjects: 3.738300 ms  DeleteObjects: 0.020000 ms)

AssetImportParameters requested are different than current active one (requested -> active):
  custom:framework-win-MediaFoundation: 216162199b28c13a410421893ffa2e32 -> 
  custom:video-decoder-ogg-theora: a1e56fd34408186e4bbccfd4996cb3dc -> 
  custom:container-muxer-webm: aa71ff27fc2769a1b78a27578f13a17b -> 
  custom:container-demuxer-webm: 4f35f7cbe854078d1ac9338744f61a02 -> 
  custom:container-demuxer-ogg: 62fdf1f143b41e24485cea50d1cbac27 -> 
  custom:video-encoder-webm-vp8: eb34c28f22e8b96e1ab97ce403110664 -> 
  custom:video-decoder-webm-vp8: 9c59270c3fd7afecdb556c50c9e8de78 -> 
  custom:audio-decoder-ogg-vorbis: bf7c407c2cedff20999df2af8eb42d56 -> 
  custom:audio-encoder-webm-vorbis: bf7c407c2cedff20999df2af8eb42d56 -> 
========================================================================
Received Prepare
Registering precompiled user dll's ...
Registered in 0.005854 seconds.
Begin MonoManager ReloadAssembly
Native extension for WindowsStandalone target not found
Refreshing native plugins compatible for Editor in 0.71 ms, found 2 plugins.
Preloading 0 native plugins for Editor in 0.00 ms.
Mono: successfully reloaded assembly
- Completed reload, in  1.516 seconds
Domain Reload Profiling:
	ReloadAssembly (1517ms)
		BeginReloadAssembly (174ms)
			ExecutionOrderSort (0ms)
			DisableScriptedObjects (12ms)
			BackupInstance (0ms)
			ReleaseScriptingObjects (0ms)
			CreateAndSetChildDomain (41ms)
		EndReloadAssembly (1250ms)
			LoadAssemblies (149ms)
			RebuildTransferFunctionScriptingTraits (0ms)
			SetupTypeCache (395ms)
			ReleaseScriptCaches (1ms)
			RebuildScriptCaches (58ms)
			SetupLoadedEditorAssemblies (523ms)
				LogAssemblyErrors (0ms)
				InitializePlatformSupportModulesInManaged (8ms)
				SetLoadedEditorAssemblies (1ms)
				RefreshPlugins (1ms)
				BeforeProcessingInitializeOnLoad (125ms)
				ProcessInitializeOnLoadAttributes (378ms)
				ProcessInitializeOnLoadMethodAttributes (7ms)
				AfterProcessingInitializeOnLoad (4ms)
				EditorAssembliesLoaded (0ms)
			ExecutionOrderSort2 (0ms)
			AwakeInstancesAfterBackupRestoration (10ms)
Platform modules already initialized, skipping
Refreshing native plugins compatible for Editor in 0.46 ms, found 2 plugins.
Preloading 0 native plugins for Editor in 0.00 ms.
Unloading 1392 Unused Serialized files (Serialized files now loaded: 0)
System memory in use before: 68.4 MB.
System memory in use after: 68.5 MB.

Unloading 13 unused Assets to reduce memory usage. Loaded Objects now: 1887.
Total: 4.163300 ms (FindLiveObjects: 0.190900 ms CreateObjectMapping: 0.050400 ms MarkObjects: 3.899000 ms  DeleteObjects: 0.021400 ms)

AssetImportParameters requested are different than current active one (requested -> active):
  custom:framework-win-MediaFoundation: 216162199b28c13a410421893ffa2e32 -> 
  custom:video-decoder-ogg-theora: a1e56fd34408186e4bbccfd4996cb3dc -> 
  custom:container-muxer-webm: aa71ff27fc2769a1b78a27578f13a17b -> 
  custom:container-demuxer-webm: 4f35f7cbe854078d1ac9338744f61a02 -> 
  custom:container-demuxer-ogg: 62fdf1f143b41e24485cea50d1cbac27 -> 
  custom:video-encoder-webm-vp8: eb34c28f22e8b96e1ab97ce403110664 -> 
  custom:video-decoder-webm-vp8: 9c59270c3fd7afecdb556c50c9e8de78 -> 
  custom:audio-decoder-ogg-vorbis: bf7c407c2cedff20999df2af8eb42d56 -> 
  custom:audio-encoder-webm-vorbis: bf7c407c2cedff20999df2af8eb42d56 -> 
========================================================================
Received Import Request.
  Time since last request: 100.738980 seconds.
  path: Assets/snickersPrefab.prefab
  artifactKey: Guid(f3bb17fdd7251a140a36a914f2fecbf6) Importer(815301076,1909f56bfc062723c751e8b465ee728b)
Start importing Assets/snickersPrefab.prefab using Guid(f3bb17fdd7251a140a36a914f2fecbf6) Importer(815301076,1909f56bfc062723c751e8b465ee728b)  -> (artifact id: '2d462b5b8fff4550ac900f7011010181') in 0.078686 seconds 
  Import took 0.082260 seconds .

========================================================================
Received Import Request.
  Time since last request: 7.897446 seconds.
  path: Assets/milkywayPrefab.prefab
  artifactKey: Guid(c6b86b66d292eaf47aef36c5acdf57de) Importer(815301076,1909f56bfc062723c751e8b465ee728b)
Start importing Assets/milkywayPrefab.prefab using Guid(c6b86b66d292eaf47aef36c5acdf57de) Importer(815301076,1909f56bfc062723c751e8b465ee728b)  -> (artifact id: '6e7a27894768918d33b4197c5bf4efab') in 0.027196 seconds 
  Import took 0.031029 seconds .

========================================================================
Received Import Request.
  Time since last request: 0.001052 seconds.
  path: Assets/milkywayPrefab.prefab
  artifactKey: Guid(c6b86b66d292eaf47aef36c5acdf57de) Importer(815301076,1909f56bfc062723c751e8b465ee728b)
Start importing Assets/milkywayPrefab.prefab using Guid(c6b86b66d292eaf47aef36c5acdf57de) Importer(815301076,1909f56bfc062723c751e8b465ee728b)  -> (artifact id: '6e7a27894768918d33b4197c5bf4efab') in 0.015219 seconds 
  Import took 0.018960 seconds .

========================================================================
Received Prepare
Registering precompiled user dll's ...
Registered in 0.009954 seconds.
Begin MonoManager ReloadAssembly
Native extension for WindowsStandalone target not found
Refreshing native plugins compatible for Editor in 0.46 ms, found 2 plugins.
Preloading 0 native plugins for Editor in 0.00 ms.
Mono: successfully reloaded assembly
- Completed reload, in  1.664 seconds
Domain Reload Profiling:
	ReloadAssembly (1664ms)
		BeginReloadAssembly (165ms)
			ExecutionOrderSort (0ms)
			DisableScriptedObjects (7ms)
			BackupInstance (0ms)
			ReleaseScriptingObjects (0ms)
			CreateAndSetChildDomain (40ms)
		EndReloadAssembly (1398ms)
			LoadAssemblies (163ms)
			RebuildTransferFunctionScriptingTraits (0ms)
			SetupTypeCache (495ms)
			ReleaseScriptCaches (1ms)
			RebuildScriptCaches (60ms)
			SetupLoadedEditorAssemblies (548ms)
				LogAssemblyErrors (0ms)
				InitializePlatformSupportModulesInManaged (7ms)
				SetLoadedEditorAssemblies (1ms)
				RefreshPlugins (1ms)
				BeforeProcessingInitializeOnLoad (123ms)
				ProcessInitializeOnLoadAttributes (406ms)
				ProcessInitializeOnLoadMethodAttributes (6ms)
				AfterProcessingInitializeOnLoad (5ms)
				EditorAssembliesLoaded (0ms)
			ExecutionOrderSort2 (0ms)
			AwakeInstancesAfterBackupRestoration (13ms)
Platform modules already initialized, skipping
Refreshing native plugins compatible for Editor in 0.49 ms, found 2 plugins.
Preloading 0 native plugins for Editor in 0.00 ms.
Unloading 1392 Unused Serialized files (Serialized files now loaded: 0)
System memory in use before: 68.4 MB.
System memory in use after: 68.5 MB.

Unloading 13 unused Assets to reduce memory usage. Loaded Objects now: 1890.
Total: 5.304000 ms (FindLiveObjects: 0.244200 ms CreateObjectMapping: 0.058900 ms MarkObjects: 4.973400 ms  DeleteObjects: 0.025200 ms)

AssetImportParameters requested are different than current active one (requested -> active):
  custom:framework-win-MediaFoundation: 216162199b28c13a410421893ffa2e32 -> 
  custom:video-decoder-ogg-theora: a1e56fd34408186e4bbccfd4996cb3dc -> 
  custom:container-muxer-webm: aa71ff27fc2769a1b78a27578f13a17b -> 
  custom:container-demuxer-webm: 4f35f7cbe854078d1ac9338744f61a02 -> 
  custom:container-demuxer-ogg: 62fdf1f143b41e24485cea50d1cbac27 -> 
  custom:video-encoder-webm-vp8: eb34c28f22e8b96e1ab97ce403110664 -> 
  custom:video-decoder-webm-vp8: 9c59270c3fd7afecdb556c50c9e8de78 -> 
  custom:audio-decoder-ogg-vorbis: bf7c407c2cedff20999df2af8eb42d56 -> 
  custom:audio-encoder-webm-vorbis: bf7c407c2cedff20999df2af8eb42d56 -> 
========================================================================
Received Prepare
Registering precompiled user dll's ...
Registered in 0.005656 seconds.
Begin MonoManager ReloadAssembly
Native extension for WindowsStandalone target not found
Refreshing native plugins compatible for Editor in 0.47 ms, found 2 plugins.
Preloading 0 native plugins for Editor in 0.00 ms.
Mono: successfully reloaded assembly
- Completed reload, in  1.619 seconds
Domain Reload Profiling:
	ReloadAssembly (1619ms)
		BeginReloadAssembly (178ms)
			ExecutionOrderSort (0ms)
			DisableScriptedObjects (8ms)
			BackupInstance (0ms)
			ReleaseScriptingObjects (0ms)
			CreateAndSetChildDomain (48ms)
		EndReloadAssembly (1347ms)
			LoadAssemblies (146ms)
			RebuildTransferFunctionScriptingTraits (0ms)
			SetupTypeCache (474ms)
			ReleaseScriptCaches (1ms)
			RebuildScriptCaches (56ms)
			SetupLoadedEditorAssemblies (551ms)
				LogAssemblyErrors (0ms)
				InitializePlatformSupportModulesInManaged (7ms)
				SetLoadedEditorAssemblies (1ms)
				RefreshPlugins (1ms)
				BeforeProcessingInitializeOnLoad (125ms)
				ProcessInitializeOnLoadAttributes (408ms)
				ProcessInitializeOnLoadMethodAttributes (6ms)
				AfterProcessingInitializeOnLoad (4ms)
				EditorAssembliesLoaded (0ms)
			ExecutionOrderSort2 (0ms)
			AwakeInstancesAfterBackupRestoration (10ms)
Platform modules already initialized, skipping
Refreshing native plugins compatible for Editor in 0.48 ms, found 2 plugins.
Preloading 0 native plugins for Editor in 0.00 ms.
Unloading 1392 Unused Serialized files (Serialized files now loaded: 0)
System memory in use before: 68.4 MB.
System memory in use after: 68.6 MB.

Unloading 13 unused Assets to reduce memory usage. Loaded Objects now: 1892.
Total: 4.090900 ms (FindLiveObjects: 0.188000 ms CreateObjectMapping: 0.051000 ms MarkObjects: 3.828200 ms  DeleteObjects: 0.021800 ms)

AssetImportParameters requested are different than current active one (requested -> active):
  custom:framework-win-MediaFoundation: 216162199b28c13a410421893ffa2e32 -> 
  custom:video-decoder-ogg-theora: a1e56fd34408186e4bbccfd4996cb3dc -> 
  custom:container-muxer-webm: aa71ff27fc2769a1b78a27578f13a17b -> 
  custom:container-demuxer-webm: 4f35f7cbe854078d1ac9338744f61a02 -> 
  custom:container-demuxer-ogg: 62fdf1f143b41e24485cea50d1cbac27 -> 
  custom:video-encoder-webm-vp8: eb34c28f22e8b96e1ab97ce403110664 -> 
  custom:video-decoder-webm-vp8: 9c59270c3fd7afecdb556c50c9e8de78 -> 
  custom:audio-decoder-ogg-vorbis: bf7c407c2cedff20999df2af8eb42d56 -> 
  custom:audio-encoder-webm-vorbis: bf7c407c2cedff20999df2af8eb42d56 -> 
========================================================================
Received Prepare
Registering precompiled user dll's ...
Registered in 0.006396 seconds.
Begin MonoManager ReloadAssembly
Native extension for WindowsStandalone target not found
Refreshing native plugins compatible for Editor in 0.86 ms, found 2 plugins.
Preloading 0 native plugins for Editor in 0.00 ms.
Mono: successfully reloaded assembly
- Completed reload, in  1.601 seconds
Domain Reload Profiling:
	ReloadAssembly (1601ms)
		BeginReloadAssembly (170ms)
			ExecutionOrderSort (0ms)
			DisableScriptedObjects (7ms)
			BackupInstance (0ms)
			ReleaseScriptingObjects (0ms)
			CreateAndSetChildDomain (39ms)
		EndReloadAssembly (1332ms)
			LoadAssemblies (157ms)
			RebuildTransferFunctionScriptingTraits (0ms)
			SetupTypeCache (396ms)
			ReleaseScriptCaches (1ms)
			RebuildScriptCaches (63ms)
			SetupLoadedEditorAssemblies (595ms)
				LogAssemblyErrors (0ms)
				InitializePlatformSupportModulesInManaged (8ms)
				SetLoadedEditorAssemblies (1ms)
				RefreshPlugins (1ms)
				BeforeProcessingInitializeOnLoad (143ms)
				ProcessInitializeOnLoadAttributes (430ms)
				ProcessInitializeOnLoadMethodAttributes (6ms)
				AfterProcessingInitializeOnLoad (4ms)
				EditorAssembliesLoaded (0ms)
			ExecutionOrderSort2 (0ms)
			AwakeInstancesAfterBackupRestoration (12ms)
Platform modules already initialized, skipping
Refreshing native plugins compatible for Editor in 0.45 ms, found 2 plugins.
Preloading 0 native plugins for Editor in 0.00 ms.
Unloading 1392 Unused Serialized files (Serialized files now loaded: 0)
System memory in use before: 68.5 MB.
System memory in use after: 68.6 MB.

Unloading 13 unused Assets to reduce memory usage. Loaded Objects now: 1894.
Total: 3.919800 ms (FindLiveObjects: 0.176500 ms CreateObjectMapping: 0.050500 ms MarkObjects: 3.670400 ms  DeleteObjects: 0.020900 ms)

AssetImportParameters requested are different than current active one (requested -> active):
  custom:framework-win-MediaFoundation: 216162199b28c13a410421893ffa2e32 -> 
  custom:video-decoder-ogg-theora: a1e56fd34408186e4bbccfd4996cb3dc -> 
  custom:container-muxer-webm: aa71ff27fc2769a1b78a27578f13a17b -> 
  custom:container-demuxer-webm: 4f35f7cbe854078d1ac9338744f61a02 -> 
  custom:container-demuxer-ogg: 62fdf1f143b41e24485cea50d1cbac27 -> 
  custom:video-encoder-webm-vp8: eb34c28f22e8b96e1ab97ce403110664 -> 
  custom:video-decoder-webm-vp8: 9c59270c3fd7afecdb556c50c9e8de78 -> 
  custom:audio-decoder-ogg-vorbis: bf7c407c2cedff20999df2af8eb42d56 -> 
  custom:audio-encoder-webm-vorbis: bf7c407c2cedff20999df2af8eb42d56 -> 
========================================================================
Received Prepare
Registering precompiled user dll's ...
Registered in 0.007261 seconds.
Begin MonoManager ReloadAssembly
Native extension for WindowsStandalone target not found
Refreshing native plugins compatible for Editor in 0.71 ms, found 2 plugins.
Preloading 0 native plugins for Editor in 0.00 ms.
Mono: successfully reloaded assembly
- Completed reload, in  1.643 seconds
Domain Reload Profiling:
	ReloadAssembly (1643ms)
		BeginReloadAssembly (175ms)
			ExecutionOrderSort (0ms)
			DisableScriptedObjects (6ms)
			BackupInstance (0ms)
			ReleaseScriptingObjects (0ms)
			CreateAndSetChildDomain (46ms)
		EndReloadAssembly (1369ms)
			LoadAssemblies (156ms)
			RebuildTransferFunctionScriptingTraits (0ms)
			SetupTypeCache (419ms)
			ReleaseScriptCaches (1ms)
			RebuildScriptCaches (59ms)
			SetupLoadedEditorAssemblies (621ms)
				LogAssemblyErrors (0ms)
				InitializePlatformSupportModulesInManaged (13ms)
				SetLoadedEditorAssemblies (1ms)
				RefreshPlugins (1ms)
				BeforeProcessingInitializeOnLoad (131ms)
				ProcessInitializeOnLoadAttributes (463ms)
				ProcessInitializeOnLoadMethodAttributes (7ms)
				AfterProcessingInitializeOnLoad (4ms)
				EditorAssembliesLoaded (0ms)
			ExecutionOrderSort2 (0ms)
			AwakeInstancesAfterBackupRestoration (12ms)
Platform modules already initialized, skipping
Refreshing native plugins compatible for Editor in 0.50 ms, found 2 plugins.
Preloading 0 native plugins for Editor in 0.00 ms.
Unloading 1392 Unused Serialized files (Serialized files now loaded: 0)
System memory in use before: 68.5 MB.
System memory in use after: 68.6 MB.

Unloading 13 unused Assets to reduce memory usage. Loaded Objects now: 1896.
Total: 4.125100 ms (FindLiveObjects: 0.202600 ms CreateObjectMapping: 0.051600 ms MarkObjects: 3.849100 ms  DeleteObjects: 0.020300 ms)

AssetImportParameters requested are different than current active one (requested -> active):
  custom:framework-win-MediaFoundation: 216162199b28c13a410421893ffa2e32 -> 
  custom:video-decoder-ogg-theora: a1e56fd34408186e4bbccfd4996cb3dc -> 
  custom:container-muxer-webm: aa71ff27fc2769a1b78a27578f13a17b -> 
  custom:container-demuxer-webm: 4f35f7cbe854078d1ac9338744f61a02 -> 
  custom:container-demuxer-ogg: 62fdf1f143b41e24485cea50d1cbac27 -> 
  custom:video-encoder-webm-vp8: eb34c28f22e8b96e1ab97ce403110664 -> 
  custom:video-decoder-webm-vp8: 9c59270c3fd7afecdb556c50c9e8de78 -> 
  custom:audio-decoder-ogg-vorbis: bf7c407c2cedff20999df2af8eb42d56 -> 
  custom:audio-encoder-webm-vorbis: bf7c407c2cedff20999df2af8eb42d56 -> 
========================================================================
Received Prepare
Registering precompiled user dll's ...
Registered in 0.005623 seconds.
Begin MonoManager ReloadAssembly
Native extension for WindowsStandalone target not found
Refreshing native plugins compatible for Editor in 0.69 ms, found 2 plugins.
Preloading 0 native plugins for Editor in 0.00 ms.
Mono: successfully reloaded assembly
- Completed reload, in  1.555 seconds
Domain Reload Profiling:
	ReloadAssembly (1556ms)
		BeginReloadAssembly (166ms)
			ExecutionOrderSort (0ms)
			DisableScriptedObjects (7ms)
			BackupInstance (0ms)
			ReleaseScriptingObjects (0ms)
			CreateAndSetChildDomain (41ms)
		EndReloadAssembly (1294ms)
			LoadAssemblies (148ms)
			RebuildTransferFunctionScriptingTraits (0ms)
			SetupTypeCache (398ms)
			ReleaseScriptCaches (1ms)
			RebuildScriptCaches (57ms)
			SetupLoadedEditorAssemblies (556ms)
				LogAssemblyErrors (0ms)
				InitializePlatformSupportModulesInManaged (8ms)
				SetLoadedEditorAssemblies (1ms)
				RefreshPlugins (1ms)
				BeforeProcessingInitializeOnLoad (120ms)
				ProcessInitializeOnLoadAttributes (403ms)
				ProcessInitializeOnLoadMethodAttributes (9ms)
				AfterProcessingInitializeOnLoad (14ms)
				EditorAssembliesLoaded (1ms)
			ExecutionOrderSort2 (0ms)
			AwakeInstancesAfterBackupRestoration (18ms)
Platform modules already initialized, skipping
Refreshing native plugins compatible for Editor in 0.45 ms, found 2 plugins.
Preloading 0 native plugins for Editor in 0.00 ms.
Unloading 1392 Unused Serialized files (Serialized files now loaded: 0)
System memory in use before: 68.5 MB.
System memory in use after: 68.6 MB.

Unloading 13 unused Assets to reduce memory usage. Loaded Objects now: 1898.
Total: 4.062800 ms (FindLiveObjects: 0.176700 ms CreateObjectMapping: 0.050500 ms MarkObjects: 3.813200 ms  DeleteObjects: 0.020500 ms)

AssetImportParameters requested are different than current active one (requested -> active):
  custom:framework-win-MediaFoundation: 216162199b28c13a410421893ffa2e32 -> 
  custom:video-decoder-ogg-theora: a1e56fd34408186e4bbccfd4996cb3dc -> 
  custom:container-muxer-webm: aa71ff27fc2769a1b78a27578f13a17b -> 
  custom:container-demuxer-webm: 4f35f7cbe854078d1ac9338744f61a02 -> 
  custom:container-demuxer-ogg: 62fdf1f143b41e24485cea50d1cbac27 -> 
  custom:video-encoder-webm-vp8: eb34c28f22e8b96e1ab97ce403110664 -> 
  custom:video-decoder-webm-vp8: 9c59270c3fd7afecdb556c50c9e8de78 -> 
  custom:audio-decoder-ogg-vorbis: bf7c407c2cedff20999df2af8eb42d56 -> 
  custom:audio-encoder-webm-vorbis: bf7c407c2cedff20999df2af8eb42d56 -> 
========================================================================
Received Prepare
Registering precompiled user dll's ...
Registered in 0.007187 seconds.
Begin MonoManager ReloadAssembly
Native extension for WindowsStandalone target not found
Refreshing native plugins compatible for Editor in 0.47 ms, found 2 plugins.
Preloading 0 native plugins for Editor in 0.00 ms.
Mono: successfully reloaded assembly
- Completed reload, in  1.690 seconds
Domain Reload Profiling:
	ReloadAssembly (1690ms)
		BeginReloadAssembly (201ms)
			ExecutionOrderSort (0ms)
			DisableScriptedObjects (10ms)
			BackupInstance (0ms)
			ReleaseScriptingObjects (0ms)
			CreateAndSetChildDomain (53ms)
		EndReloadAssembly (1390ms)
			LoadAssemblies (160ms)
			RebuildTransferFunctionScriptingTraits (0ms)
			SetupTypeCache (423ms)
			ReleaseScriptCaches (1ms)
			RebuildScriptCaches (60ms)
			SetupLoadedEditorAssemblies (618ms)
				LogAssemblyErrors (0ms)
				InitializePlatformSupportModulesInManaged (7ms)
				SetLoadedEditorAssemblies (1ms)
				RefreshPlugins (1ms)
				BeforeProcessingInitializeOnLoad (145ms)
				ProcessInitializeOnLoadAttributes (454ms)
				ProcessInitializeOnLoadMethodAttributes (7ms)
				AfterProcessingInitializeOnLoad (4ms)
				EditorAssembliesLoaded (0ms)
			ExecutionOrderSort2 (0ms)
			AwakeInstancesAfterBackupRestoration (12ms)
Platform modules already initialized, skipping
Refreshing native plugins compatible for Editor in 0.46 ms, found 2 plugins.
Preloading 0 native plugins for Editor in 0.00 ms.
Unloading 1392 Unused Serialized files (Serialized files now loaded: 0)
System memory in use before: 68.5 MB.
System memory in use after: 68.6 MB.

Unloading 13 unused Assets to reduce memory usage. Loaded Objects now: 1900.
Total: 4.144000 ms (FindLiveObjects: 0.198300 ms CreateObjectMapping: 0.050600 ms MarkObjects: 3.872400 ms  DeleteObjects: 0.021100 ms)

AssetImportParameters requested are different than current active one (requested -> active):
  custom:framework-win-MediaFoundation: 216162199b28c13a410421893ffa2e32 -> 
  custom:video-decoder-ogg-theora: a1e56fd34408186e4bbccfd4996cb3dc -> 
  custom:container-muxer-webm: aa71ff27fc2769a1b78a27578f13a17b -> 
  custom:container-demuxer-webm: 4f35f7cbe854078d1ac9338744f61a02 -> 
  custom:container-demuxer-ogg: 62fdf1f143b41e24485cea50d1cbac27 -> 
  custom:video-encoder-webm-vp8: eb34c28f22e8b96e1ab97ce403110664 -> 
  custom:video-decoder-webm-vp8: 9c59270c3fd7afecdb556c50c9e8de78 -> 
  custom:audio-decoder-ogg-vorbis: bf7c407c2cedff20999df2af8eb42d56 -> 
  custom:audio-encoder-webm-vorbis: bf7c407c2cedff20999df2af8eb42d56 -> 
========================================================================
Received Prepare
Registering precompiled user dll's ...
Registered in 0.005603 seconds.
Begin MonoManager ReloadAssembly
Native extension for WindowsStandalone target not found
Refreshing native plugins compatible for Editor in 0.76 ms, found 2 plugins.
Preloading 0 native plugins for Editor in 0.00 ms.
Mono: successfully reloaded assembly
- Completed reload, in  1.676 seconds
Domain Reload Profiling:
	ReloadAssembly (1677ms)
		BeginReloadAssembly (194ms)
			ExecutionOrderSort (0ms)
			DisableScriptedObjects (6ms)
			BackupInstance (0ms)
			ReleaseScriptingObjects (0ms)
			CreateAndSetChildDomain (47ms)
		EndReloadAssembly (1385ms)
			LoadAssemblies (169ms)
			RebuildTransferFunctionScriptingTraits (0ms)
			SetupTypeCache (412ms)
			ReleaseScriptCaches (1ms)
			RebuildScriptCaches (68ms)
			SetupLoadedEditorAssemblies (594ms)
				LogAssemblyErrors (0ms)
				InitializePlatformSupportModulesInManaged (10ms)
				SetLoadedEditorAssemblies (1ms)
				RefreshPlugins (1ms)
				BeforeProcessingInitializeOnLoad (144ms)
				ProcessInitializeOnLoadAttributes (428ms)
				ProcessInitializeOnLoadMethodAttributes (6ms)
				AfterProcessingInitializeOnLoad (4ms)
				EditorAssembliesLoaded (0ms)
			ExecutionOrderSort2 (0ms)
			AwakeInstancesAfterBackupRestoration (10ms)
Platform modules already initialized, skipping
Refreshing native plugins compatible for Editor in 0.50 ms, found 2 plugins.
Preloading 0 native plugins for Editor in 0.00 ms.
Unloading 1392 Unused Serialized files (Serialized files now loaded: 0)
System memory in use before: 68.5 MB.
System memory in use after: 68.6 MB.

Unloading 13 unused Assets to reduce memory usage. Loaded Objects now: 1902.
Total: 4.110700 ms (FindLiveObjects: 0.225200 ms CreateObjectMapping: 0.051600 ms MarkObjects: 3.812200 ms  DeleteObjects: 0.020400 ms)

AssetImportParameters requested are different than current active one (requested -> active):
  custom:framework-win-MediaFoundation: 216162199b28c13a410421893ffa2e32 -> 
  custom:video-decoder-ogg-theora: a1e56fd34408186e4bbccfd4996cb3dc -> 
  custom:container-muxer-webm: aa71ff27fc2769a1b78a27578f13a17b -> 
  custom:container-demuxer-webm: 4f35f7cbe854078d1ac9338744f61a02 -> 
  custom:container-demuxer-ogg: 62fdf1f143b41e24485cea50d1cbac27 -> 
  custom:video-encoder-webm-vp8: eb34c28f22e8b96e1ab97ce403110664 -> 
  custom:video-decoder-webm-vp8: 9c59270c3fd7afecdb556c50c9e8de78 -> 
  custom:audio-decoder-ogg-vorbis: bf7c407c2cedff20999df2af8eb42d56 -> 
  custom:audio-encoder-webm-vorbis: bf7c407c2cedff20999df2af8eb42d56 -> 
========================================================================
Received Prepare
Registering precompiled user dll's ...
Registered in 0.005776 seconds.
Begin MonoManager ReloadAssembly
Native extension for WindowsStandalone target not found
Refreshing native plugins compatible for Editor in 0.46 ms, found 2 plugins.
Preloading 0 native plugins for Editor in 0.00 ms.
Mono: successfully reloaded assembly
- Completed reload, in  1.653 seconds
Domain Reload Profiling:
	ReloadAssembly (1654ms)
		BeginReloadAssembly (183ms)
			ExecutionOrderSort (0ms)
			DisableScriptedObjects (8ms)
			BackupInstance (0ms)
			ReleaseScriptingObjects (0ms)
			CreateAndSetChildDomain (45ms)
		EndReloadAssembly (1363ms)
			LoadAssemblies (163ms)
			RebuildTransferFunctionScriptingTraits (0ms)
			SetupTypeCache (413ms)
			ReleaseScriptCaches (1ms)
			RebuildScriptCaches (57ms)
			SetupLoadedEditorAssemblies (623ms)
				LogAssemblyErrors (0ms)
				InitializePlatformSupportModulesInManaged (8ms)
				SetLoadedEditorAssemblies (1ms)
				RefreshPlugins (1ms)
				BeforeProcessingInitializeOnLoad (126ms)
				ProcessInitializeOnLoadAttributes (478ms)
				ProcessInitializeOnLoadMethodAttributes (6ms)
				AfterProcessingInitializeOnLoad (4ms)
				EditorAssembliesLoaded (0ms)
			ExecutionOrderSort2 (0ms)
			AwakeInstancesAfterBackupRestoration (10ms)
Platform modules already initialized, skipping
Refreshing native plugins compatible for Editor in 0.45 ms, found 2 plugins.
Preloading 0 native plugins for Editor in 0.00 ms.
Unloading 1392 Unused Serialized files (Serialized files now loaded: 0)
System memory in use before: 68.5 MB.
System memory in use after: 68.6 MB.

Unloading 13 unused Assets to reduce memory usage. Loaded Objects now: 1904.
Total: 4.111900 ms (FindLiveObjects: 0.177100 ms CreateObjectMapping: 0.050100 ms MarkObjects: 3.861600 ms  DeleteObjects: 0.021400 ms)

AssetImportParameters requested are different than current active one (requested -> active):
  custom:framework-win-MediaFoundation: 216162199b28c13a410421893ffa2e32 -> 
  custom:video-decoder-ogg-theora: a1e56fd34408186e4bbccfd4996cb3dc -> 
  custom:container-muxer-webm: aa71ff27fc2769a1b78a27578f13a17b -> 
  custom:container-demuxer-webm: 4f35f7cbe854078d1ac9338744f61a02 -> 
  custom:container-demuxer-ogg: 62fdf1f143b41e24485cea50d1cbac27 -> 
  custom:video-encoder-webm-vp8: eb34c28f22e8b96e1ab97ce403110664 -> 
  custom:video-decoder-webm-vp8: 9c59270c3fd7afecdb556c50c9e8de78 -> 
  custom:audio-decoder-ogg-vorbis: bf7c407c2cedff20999df2af8eb42d56 -> 
  custom:audio-encoder-webm-vorbis: bf7c407c2cedff20999df2af8eb42d56 -> 
========================================================================
Received Prepare
Registering precompiled user dll's ...
Registered in 0.008212 seconds.
Begin MonoManager ReloadAssembly
Native extension for WindowsStandalone target not found
Refreshing native plugins compatible for Editor in 0.71 ms, found 2 plugins.
Preloading 0 native plugins for Editor in 0.00 ms.
Mono: successfully reloaded assembly
- Completed reload, in  1.623 seconds
Domain Reload Profiling:
	ReloadAssembly (1623ms)
		BeginReloadAssembly (191ms)
			ExecutionOrderSort (0ms)
			DisableScriptedObjects (7ms)
			BackupInstance (0ms)
			ReleaseScriptingObjects (0ms)
			CreateAndSetChildDomain (50ms)
		EndReloadAssembly (1340ms)
			LoadAssemblies (163ms)
			RebuildTransferFunctionScriptingTraits (0ms)
			SetupTypeCache (396ms)
			ReleaseScriptCaches (1ms)
			RebuildScriptCaches (56ms)
			SetupLoadedEditorAssemblies (616ms)
				LogAssemblyErrors (0ms)
				InitializePlatformSupportModulesInManaged (10ms)
				SetLoadedEditorAssemblies (2ms)
				RefreshPlugins (1ms)
				BeforeProcessingInitializeOnLoad (130ms)
				ProcessInitializeOnLoadAttributes (463ms)
				ProcessInitializeOnLoadMethodAttributes (6ms)
				AfterProcessingInitializeOnLoad (4ms)
				EditorAssembliesLoaded (0ms)
			ExecutionOrderSort2 (0ms)
			AwakeInstancesAfterBackupRestoration (10ms)
Platform modules already initialized, skipping
Refreshing native plugins compatible for Editor in 0.46 ms, found 2 plugins.
Preloading 0 native plugins for Editor in 0.00 ms.
Unloading 1392 Unused Serialized files (Serialized files now loaded: 0)
System memory in use before: 68.5 MB.
System memory in use after: 68.6 MB.

Unloading 13 unused Assets to reduce memory usage. Loaded Objects now: 1906.
Total: 4.072000 ms (FindLiveObjects: 0.196200 ms CreateObjectMapping: 0.051600 ms MarkObjects: 3.800400 ms  DeleteObjects: 0.022200 ms)

AssetImportParameters requested are different than current active one (requested -> active):
  custom:framework-win-MediaFoundation: 216162199b28c13a410421893ffa2e32 -> 
  custom:video-decoder-ogg-theora: a1e56fd34408186e4bbccfd4996cb3dc -> 
  custom:container-muxer-webm: aa71ff27fc2769a1b78a27578f13a17b -> 
  custom:container-demuxer-webm: 4f35f7cbe854078d1ac9338744f61a02 -> 
  custom:container-demuxer-ogg: 62fdf1f143b41e24485cea50d1cbac27 -> 
  custom:video-encoder-webm-vp8: eb34c28f22e8b96e1ab97ce403110664 -> 
  custom:video-decoder-webm-vp8: 9c59270c3fd7afecdb556c50c9e8de78 -> 
  custom:audio-decoder-ogg-vorbis: bf7c407c2cedff20999df2af8eb42d56 -> 
  custom:audio-encoder-webm-vorbis: bf7c407c2cedff20999df2af8eb42d56 -> 
AssetImportWorkerClient::OnTransportError - code=2 error=End of file
