Using pre-set license
Built from '2020.3/staging' branch; Version is '2020.3.16f1 (049d6eca3c44) revision 302446'; Using compiler version '192528614'; Build Type 'Release'
OS: 'Windows 10 Pro; OS build 19043.1288; Version 2009; 64bit' Language: 'en' Physical Memory: 16299 MB
BatchMode: 1, IsHumanControllingUs: 0, StartBugReporterOnCrash: 0, Is64bit: 1, IsPro: 0

 COMMAND LINE ARGUMENTS:
D:\Program Files\Unity\Unity Installs\2020.3.16f1\Editor\Unity.exe
-adb2
-batchMode
-noUpm
-name
AssetImportWorker0
-projectPath
C:/Users/Aaron Ni/Documents/Unity Projects/All Treats No Tricks
-logFile
Logs/AssetImportWorker0.log
-srvPort
64224
Successfully changed project path to: C:/Users/Aaron Ni/Documents/Unity Projects/All Treats No Tricks
C:/Users/Aaron Ni/Documents/Unity Projects/All Treats No Tricks
Using Asset Import Pipeline V2.
Refreshing native plugins compatible for Editor in 56.88 ms, found 2 plugins.
Preloading 0 native plugins for Editor in 0.00 ms.
Initialize engine version: 2020.3.16f1 (049d6eca3c44)
[Subsystems] Discovering subsystems at path D:/Program Files/Unity/Unity Installs/2020.3.16f1/Editor/Data/Resources/UnitySubsystems
[Subsystems] Discovering subsystems at path C:/Users/Aaron Ni/Documents/Unity Projects/All Treats No Tricks/Assets
GfxDevice: creating device client; threaded=0
Direct3D:
    Version:  Direct3D 11.0 [level 11.1]
    Renderer: NVIDIA GeForce RTX 2070 SUPER (ID=0x1e84)
    Vendor:   
    VRAM:     8011 MB
    Driver:   30.0.14.7141
Initialize mono
Mono path[0] = 'D:/Program Files/Unity/Unity Installs/2020.3.16f1/Editor/Data/Managed'
Mono path[1] = 'D:/Program Files/Unity/Unity Installs/2020.3.16f1/Editor/Data/MonoBleedingEdge/lib/mono/unityjit'
Mono config path = 'D:/Program Files/Unity/Unity Installs/2020.3.16f1/Editor/Data/MonoBleedingEdge/etc'
Using monoOptions --debugger-agent=transport=dt_socket,embedding=1,server=y,suspend=n,address=127.0.0.1:56080
Begin MonoManager ReloadAssembly
Registering precompiled unity dll's ...
Register platform support module: D:/Program Files/Unity/Unity Installs/2020.3.16f1/Editor/Data/PlaybackEngines/WindowsStandaloneSupport/UnityEditor.WindowsStandalone.Extensions.dll
Registered in 0.001854 seconds.
Native extension for WindowsStandalone target not found
Refreshing native plugins compatible for Editor in 48.77 ms, found 2 plugins.
Preloading 0 native plugins for Editor in 0.00 ms.
Mono: successfully reloaded assembly
- Completed reload, in  3.513 seconds
Domain Reload Profiling:
	ReloadAssembly (3514ms)
		BeginReloadAssembly (144ms)
			ExecutionOrderSort (0ms)
			DisableScriptedObjects (0ms)
			BackupInstance (0ms)
			ReleaseScriptingObjects (0ms)
			CreateAndSetChildDomain (1ms)
		EndReloadAssembly (645ms)
			LoadAssemblies (144ms)
			RebuildTransferFunctionScriptingTraits (0ms)
			SetupTypeCache (238ms)
			ReleaseScriptCaches (0ms)
			RebuildScriptCaches (50ms)
			SetupLoadedEditorAssemblies (252ms)
				LogAssemblyErrors (0ms)
				InitializePlatformSupportModulesInManaged (6ms)
				SetLoadedEditorAssemblies (0ms)
				RefreshPlugins (49ms)
				BeforeProcessingInitializeOnLoad (20ms)
				ProcessInitializeOnLoadAttributes (131ms)
				ProcessInitializeOnLoadMethodAttributes (45ms)
				AfterProcessingInitializeOnLoad (0ms)
				EditorAssembliesLoaded (0ms)
			ExecutionOrderSort2 (0ms)
			AwakeInstancesAfterBackupRestoration (0ms)
Platform modules already initialized, skipping
Registering precompiled user dll's ...
Registered in 0.006369 seconds.
Begin MonoManager ReloadAssembly
Native extension for WindowsStandalone target not found
Refreshing native plugins compatible for Editor in 0.46 ms, found 2 plugins.
Preloading 0 native plugins for Editor in 0.00 ms.
Mono: successfully reloaded assembly
- Completed reload, in  1.781 seconds
Domain Reload Profiling:
	ReloadAssembly (1782ms)
		BeginReloadAssembly (252ms)
			ExecutionOrderSort (0ms)
			DisableScriptedObjects (7ms)
			BackupInstance (0ms)
			ReleaseScriptingObjects (0ms)
			CreateAndSetChildDomain (26ms)
		EndReloadAssembly (1430ms)
			LoadAssemblies (163ms)
			RebuildTransferFunctionScriptingTraits (1ms)
			SetupTypeCache (493ms)
			ReleaseScriptCaches (1ms)
			RebuildScriptCaches (71ms)
			SetupLoadedEditorAssemblies (570ms)
				LogAssemblyErrors (0ms)
				InitializePlatformSupportModulesInManaged (7ms)
				SetLoadedEditorAssemblies (1ms)
				RefreshPlugins (1ms)
				BeforeProcessingInitializeOnLoad (130ms)
				ProcessInitializeOnLoadAttributes (421ms)
				ProcessInitializeOnLoadMethodAttributes (7ms)
				AfterProcessingInitializeOnLoad (4ms)
				EditorAssembliesLoaded (0ms)
			ExecutionOrderSort2 (0ms)
			AwakeInstancesAfterBackupRestoration (10ms)
Platform modules already initialized, skipping
========================================================================
Worker process is ready to serve import requests
Launched and connected shader compiler UnityShaderCompiler.exe after 0.09 seconds
Refreshing native plugins compatible for Editor in 0.44 ms, found 2 plugins.
Preloading 0 native plugins for Editor in 0.00 ms.
Unloading 1398 Unused Serialized files (Serialized files now loaded: 0)
System memory in use before: 65.0 MB.
System memory in use after: 65.1 MB.

Unloading 18 unused Assets to reduce memory usage. Loaded Objects now: 1831.
Total: 4.060900 ms (FindLiveObjects: 0.189000 ms CreateObjectMapping: 0.054800 ms MarkObjects: 3.728300 ms  DeleteObjects: 0.087200 ms)

AssetImportParameters requested are different than current active one (requested -> active):
  custom:framework-win-MediaFoundation: 216162199b28c13a410421893ffa2e32 -> 
  custom:video-decoder-ogg-theora: a1e56fd34408186e4bbccfd4996cb3dc -> 
  custom:container-muxer-webm: aa71ff27fc2769a1b78a27578f13a17b -> 
  custom:container-demuxer-webm: 4f35f7cbe854078d1ac9338744f61a02 -> 
  custom:container-demuxer-ogg: 62fdf1f143b41e24485cea50d1cbac27 -> 
  custom:video-encoder-webm-vp8: eb34c28f22e8b96e1ab97ce403110664 -> 
  custom:video-decoder-webm-vp8: 9c59270c3fd7afecdb556c50c9e8de78 -> 
  custom:audio-decoder-ogg-vorbis: bf7c407c2cedff20999df2af8eb42d56 -> 
  custom:audio-encoder-webm-vorbis: bf7c407c2cedff20999df2af8eb42d56 -> 
========================================================================
Received Import Request.
  path: Assets/Pointer.fbx
  artifactKey: Guid(e9c1178bc27c2814cb607289ed4a421e) Importer(815301076,1909f56bfc062723c751e8b465ee728b)
Start importing Assets/Pointer.fbx using Guid(e9c1178bc27c2814cb607289ed4a421e) Importer(815301076,1909f56bfc062723c751e8b465ee728b)  -> (artifact id: 'b72f3a8660874016d5cbc3336100d749') in 0.382300 seconds 
  Import took 0.385733 seconds .

========================================================================
Received Import Request.
  Time since last request: 26.690502 seconds.
  path: Assets/Pointer.fbx
  artifactKey: Guid(e9c1178bc27c2814cb607289ed4a421e) Importer(815301076,1909f56bfc062723c751e8b465ee728b)
Start importing Assets/Pointer.fbx using Guid(e9c1178bc27c2814cb607289ed4a421e) Importer(815301076,1909f56bfc062723c751e8b465ee728b)  -> (artifact id: 'd3f2b421d42079a98ee9dc103a47b98c') in 0.029956 seconds 
  Import took 0.034676 seconds .

========================================================================
Received Import Request.
  Time since last request: 2884.287168 seconds.
  path: Assets/Pointer.fbx
  artifactKey: Guid(e9c1178bc27c2814cb607289ed4a421e) Importer(815301076,1909f56bfc062723c751e8b465ee728b)
Start importing Assets/Pointer.fbx using Guid(e9c1178bc27c2814cb607289ed4a421e) Importer(815301076,1909f56bfc062723c751e8b465ee728b)  -> (artifact id: '6c6b2524a7bf9fb8badcbcf8763d4969') in 0.049558 seconds 
  Import took 0.056986 seconds .

========================================================================
Received Prepare
Registering precompiled user dll's ...
Registered in 0.007370 seconds.
Begin MonoManager ReloadAssembly
Native extension for WindowsStandalone target not found
Refreshing native plugins compatible for Editor in 0.86 ms, found 2 plugins.
Preloading 0 native plugins for Editor in 0.00 ms.
Mono: successfully reloaded assembly
- Completed reload, in  1.833 seconds
Domain Reload Profiling:
	ReloadAssembly (1833ms)
		BeginReloadAssembly (200ms)
			ExecutionOrderSort (0ms)
			DisableScriptedObjects (7ms)
			BackupInstance (0ms)
			ReleaseScriptingObjects (0ms)
			CreateAndSetChildDomain (56ms)
		EndReloadAssembly (1524ms)
			LoadAssemblies (177ms)
			RebuildTransferFunctionScriptingTraits (0ms)
			SetupTypeCache (488ms)
			ReleaseScriptCaches (1ms)
			RebuildScriptCaches (82ms)
			SetupLoadedEditorAssemblies (621ms)
				LogAssemblyErrors (0ms)
				InitializePlatformSupportModulesInManaged (9ms)
				SetLoadedEditorAssemblies (1ms)
				RefreshPlugins (1ms)
				BeforeProcessingInitializeOnLoad (150ms)
				ProcessInitializeOnLoadAttributes (445ms)
				ProcessInitializeOnLoadMethodAttributes (10ms)
				AfterProcessingInitializeOnLoad (5ms)
				EditorAssembliesLoaded (0ms)
			ExecutionOrderSort2 (0ms)
			AwakeInstancesAfterBackupRestoration (12ms)
Platform modules already initialized, skipping
Refreshing native plugins compatible for Editor in 0.68 ms, found 2 plugins.
Preloading 0 native plugins for Editor in 0.00 ms.
Unloading 1392 Unused Serialized files (Serialized files now loaded: 0)
System memory in use before: 68.3 MB.
System memory in use after: 68.4 MB.

Unloading 14 unused Assets to reduce memory usage. Loaded Objects now: 1876.
Total: 4.497200 ms (FindLiveObjects: 0.203700 ms CreateObjectMapping: 0.061400 ms MarkObjects: 4.195400 ms  DeleteObjects: 0.034800 ms)

AssetImportParameters requested are different than current active one (requested -> active):
  custom:framework-win-MediaFoundation: 216162199b28c13a410421893ffa2e32 -> 
  custom:video-decoder-ogg-theora: a1e56fd34408186e4bbccfd4996cb3dc -> 
  custom:container-muxer-webm: aa71ff27fc2769a1b78a27578f13a17b -> 
  custom:container-demuxer-webm: 4f35f7cbe854078d1ac9338744f61a02 -> 
  custom:container-demuxer-ogg: 62fdf1f143b41e24485cea50d1cbac27 -> 
  custom:video-encoder-webm-vp8: eb34c28f22e8b96e1ab97ce403110664 -> 
  custom:video-decoder-webm-vp8: 9c59270c3fd7afecdb556c50c9e8de78 -> 
  custom:audio-decoder-ogg-vorbis: bf7c407c2cedff20999df2af8eb42d56 -> 
  custom:audio-encoder-webm-vorbis: bf7c407c2cedff20999df2af8eb42d56 -> 
========================================================================
Received Import Request.
  Time since last request: 1309.359410 seconds.
  path: Assets/Materials/m&ms.mat
  artifactKey: Guid(f8c97086e9422db41b5f176f45928762) Importer(815301076,1909f56bfc062723c751e8b465ee728b)
Start importing Assets/Materials/m&ms.mat using Guid(f8c97086e9422db41b5f176f45928762) Importer(815301076,1909f56bfc062723c751e8b465ee728b)  -> (artifact id: '3d07268b19b7b53d062e93ca3b1aecb7') in 0.102367 seconds 
  Import took 0.106198 seconds .

========================================================================
Received Import Request.
  Time since last request: 0.000271 seconds.
  path: Assets/Materials/Wheel.mat
  artifactKey: Guid(3f373831c93e09845ac6695096a51c86) Importer(815301076,1909f56bfc062723c751e8b465ee728b)
Start importing Assets/Materials/Wheel.mat using Guid(3f373831c93e09845ac6695096a51c86) Importer(815301076,1909f56bfc062723c751e8b465ee728b)  -> (artifact id: '308661d491b2db192578ff1eb43931cc') in 0.044077 seconds 
  Import took 0.047663 seconds .

========================================================================
Received Import Request.
  Time since last request: 13.722526 seconds.
  path: Assets/Scenes/SampleScene.unity
  artifactKey: Guid(9fc0d4010bbf28b4594072e72b8655ab) Importer(815301076,1909f56bfc062723c751e8b465ee728b)
Start importing Assets/Scenes/SampleScene.unity using Guid(9fc0d4010bbf28b4594072e72b8655ab) Importer(815301076,1909f56bfc062723c751e8b465ee728b)  -> (artifact id: 'c264039787281f787f445c998de66107') in 0.011893 seconds 
  Import took 0.015506 seconds .

========================================================================
Received Import Request.
  Time since last request: 1268.607017 seconds.
  path: Assets/Materials/Stone Light.png
  artifactKey: Guid(cff83dd44eaf4e14ebee3dee8e21f16e) Importer(815301076,1909f56bfc062723c751e8b465ee728b)
Start importing Assets/Materials/Stone Light.png using Guid(cff83dd44eaf4e14ebee3dee8e21f16e) Importer(815301076,1909f56bfc062723c751e8b465ee728b)  -> (artifact id: '39aed399505941bd763e590e836c0215') in 0.077915 seconds 
  Import took 0.082000 seconds .

========================================================================
Received Import Request.
  Time since last request: 1.482332 seconds.
  path: Assets/Materials/Stone Floor.png
  artifactKey: Guid(066d69f324f0e2b42958855c16f60fed) Importer(815301076,1909f56bfc062723c751e8b465ee728b)
Start importing Assets/Materials/Stone Floor.png using Guid(066d69f324f0e2b42958855c16f60fed) Importer(815301076,1909f56bfc062723c751e8b465ee728b)  -> (artifact id: 'facf79518068bab54afdda942dcf64cd') in 0.025783 seconds 
  Import took 0.029954 seconds .

========================================================================
Received Import Request.
  Time since last request: 714.253151 seconds.
  path: Assets/Rims.fbx
  artifactKey: Guid(8e903de0927dcaa4bbbfa31263cad459) Importer(815301076,1909f56bfc062723c751e8b465ee728b)
Start importing Assets/Rims.fbx using Guid(8e903de0927dcaa4bbbfa31263cad459) Importer(815301076,1909f56bfc062723c751e8b465ee728b)  -> (artifact id: 'a3f21ca908e7b733642a2c054eb4cabe') in 0.065356 seconds 
  Import took 0.069321 seconds .

========================================================================
Received Import Request.
  Time since last request: 99.834033 seconds.
  path: Assets/Rims.fbx
  artifactKey: Guid(8e903de0927dcaa4bbbfa31263cad459) Importer(815301076,1909f56bfc062723c751e8b465ee728b)
Start importing Assets/Rims.fbx using Guid(8e903de0927dcaa4bbbfa31263cad459) Importer(815301076,1909f56bfc062723c751e8b465ee728b)  -> (artifact id: '92f5e35dc2ea5baac16a55e9f149c6bb') in 0.085739 seconds 
  Import took 0.089270 seconds .

========================================================================
Received Import Request.
  Time since last request: 62.435316 seconds.
  path: Assets/Rims.fbx
  artifactKey: Guid(8e903de0927dcaa4bbbfa31263cad459) Importer(815301076,1909f56bfc062723c751e8b465ee728b)
Start importing Assets/Rims.fbx using Guid(8e903de0927dcaa4bbbfa31263cad459) Importer(815301076,1909f56bfc062723c751e8b465ee728b)  -> (artifact id: 'ccec900b8a5ec3ae5b76ee2ea1efde53') in 0.106769 seconds 
  Import took 0.112810 seconds .

========================================================================
Received Import Request.
  Time since last request: 452.674743 seconds.
  path: Assets/Materials/Stone Light.png
  artifactKey: Guid(cff83dd44eaf4e14ebee3dee8e21f16e) Importer(815301076,1909f56bfc062723c751e8b465ee728b)
Start importing Assets/Materials/Stone Light.png using Guid(cff83dd44eaf4e14ebee3dee8e21f16e) Importer(815301076,1909f56bfc062723c751e8b465ee728b)  -> (artifact id: '33355fc737f304d4ea88ebc3ca0e18f5') in 0.035669 seconds 
  Import took 0.040536 seconds .

========================================================================
Received Import Request.
  Time since last request: 204.474769 seconds.
  path: Assets/Materials/Stone Floor.png
  artifactKey: Guid(066d69f324f0e2b42958855c16f60fed) Importer(815301076,1909f56bfc062723c751e8b465ee728b)
Start importing Assets/Materials/Stone Floor.png using Guid(066d69f324f0e2b42958855c16f60fed) Importer(815301076,1909f56bfc062723c751e8b465ee728b)  -> (artifact id: '7a1b8017e30dbbd0641afdf25bc3bc73') in 0.024477 seconds 
  Import took 0.029250 seconds .

========================================================================
Received Import Request.
  Time since last request: 27.039385 seconds.
  path: Assets/Materials/Stone Floor.png
  artifactKey: Guid(066d69f324f0e2b42958855c16f60fed) Importer(815301076,1909f56bfc062723c751e8b465ee728b)
Start importing Assets/Materials/Stone Floor.png using Guid(066d69f324f0e2b42958855c16f60fed) Importer(815301076,1909f56bfc062723c751e8b465ee728b)  -> (artifact id: '36b2e8f586757840fa5606b0749ee938') in 0.017725 seconds 
  Import took 0.022009 seconds .

========================================================================
Received Import Request.
  Time since last request: 20.306071 seconds.
  path: Assets/Materials/Stone Floor.png
  artifactKey: Guid(066d69f324f0e2b42958855c16f60fed) Importer(815301076,1909f56bfc062723c751e8b465ee728b)
Start importing Assets/Materials/Stone Floor.png using Guid(066d69f324f0e2b42958855c16f60fed) Importer(815301076,1909f56bfc062723c751e8b465ee728b)  -> (artifact id: '5ef4c6dfce804e4630b04e92f1debb1f') in 0.015175 seconds 
  Import took 0.022504 seconds .

========================================================================
Received Import Request.
  Time since last request: 10.810089 seconds.
  path: Assets/Materials/Stone Floor.png
  artifactKey: Guid(066d69f324f0e2b42958855c16f60fed) Importer(815301076,1909f56bfc062723c751e8b465ee728b)
Start importing Assets/Materials/Stone Floor.png using Guid(066d69f324f0e2b42958855c16f60fed) Importer(815301076,1909f56bfc062723c751e8b465ee728b)  -> (artifact id: 'ede25e1c614ac222266e5f9b7eccaa2d') in 0.015494 seconds 
  Import took 0.019988 seconds .

========================================================================
Received Import Request.
  Time since last request: 3412.557934 seconds.
  path: Assets/Materials/Pumpkin.png
  artifactKey: Guid(f93ad458f1b9f9643b78190b4fdacc73) Importer(815301076,1909f56bfc062723c751e8b465ee728b)
Start importing Assets/Materials/Pumpkin.png using Guid(f93ad458f1b9f9643b78190b4fdacc73) Importer(815301076,1909f56bfc062723c751e8b465ee728b)  -> (artifact id: '1ed63ea9d9f8a527f45f96aa5f49eed7') in 0.041676 seconds 
  Import took 0.047123 seconds .

========================================================================
Received Import Request.
  Time since last request: 2.146931 seconds.
  path: Assets/Pumpkin.fbx
  artifactKey: Guid(2ce7ab6bfe4a8424f80713ebb0a43211) Importer(815301076,1909f56bfc062723c751e8b465ee728b)
Start importing Assets/Pumpkin.fbx using Guid(2ce7ab6bfe4a8424f80713ebb0a43211) Importer(815301076,1909f56bfc062723c751e8b465ee728b)  -> (artifact id: 'ec8dd470a97620d8080a8392d3a31cd1') in 0.056140 seconds 
  Import took 0.062579 seconds .

========================================================================
Received Prepare
Registering precompiled user dll's ...
Registered in 0.007595 seconds.
Begin MonoManager ReloadAssembly
Native extension for WindowsStandalone target not found
Refreshing native plugins compatible for Editor in 0.51 ms, found 2 plugins.
Preloading 0 native plugins for Editor in 0.00 ms.
Mono: successfully reloaded assembly
- Completed reload, in  2.022 seconds
Domain Reload Profiling:
	ReloadAssembly (2024ms)
		BeginReloadAssembly (323ms)
			ExecutionOrderSort (0ms)
			DisableScriptedObjects (14ms)
			BackupInstance (0ms)
			ReleaseScriptingObjects (0ms)
			CreateAndSetChildDomain (150ms)
		EndReloadAssembly (1586ms)
			LoadAssemblies (210ms)
			RebuildTransferFunctionScriptingTraits (0ms)
			SetupTypeCache (550ms)
			ReleaseScriptCaches (2ms)
			RebuildScriptCaches (78ms)
			SetupLoadedEditorAssemblies (607ms)
				LogAssemblyErrors (0ms)
				InitializePlatformSupportModulesInManaged (8ms)
				SetLoadedEditorAssemblies (1ms)
				RefreshPlugins (1ms)
				BeforeProcessingInitializeOnLoad (131ms)
				ProcessInitializeOnLoadAttributes (452ms)
				ProcessInitializeOnLoadMethodAttributes (9ms)
				AfterProcessingInitializeOnLoad (5ms)
				EditorAssembliesLoaded (0ms)
			ExecutionOrderSort2 (0ms)
			AwakeInstancesAfterBackupRestoration (14ms)
Platform modules already initialized, skipping
Refreshing native plugins compatible for Editor in 0.49 ms, found 2 plugins.
Preloading 0 native plugins for Editor in 0.00 ms.
Unloading 1392 Unused Serialized files (Serialized files now loaded: 0)
System memory in use before: 68.4 MB.
System memory in use after: 68.5 MB.

Unloading 13 unused Assets to reduce memory usage. Loaded Objects now: 1880.
Total: 5.094500 ms (FindLiveObjects: 0.339100 ms CreateObjectMapping: 0.126700 ms MarkObjects: 4.602400 ms  DeleteObjects: 0.023900 ms)

AssetImportParameters requested are different than current active one (requested -> active):
  custom:framework-win-MediaFoundation: 216162199b28c13a410421893ffa2e32 -> 
  custom:video-decoder-ogg-theora: a1e56fd34408186e4bbccfd4996cb3dc -> 
  custom:container-muxer-webm: aa71ff27fc2769a1b78a27578f13a17b -> 
  custom:container-demuxer-webm: 4f35f7cbe854078d1ac9338744f61a02 -> 
  custom:container-demuxer-ogg: 62fdf1f143b41e24485cea50d1cbac27 -> 
  custom:video-encoder-webm-vp8: eb34c28f22e8b96e1ab97ce403110664 -> 
  custom:video-decoder-webm-vp8: 9c59270c3fd7afecdb556c50c9e8de78 -> 
  custom:audio-decoder-ogg-vorbis: bf7c407c2cedff20999df2af8eb42d56 -> 
  custom:audio-encoder-webm-vorbis: bf7c407c2cedff20999df2af8eb42d56 -> 
========================================================================
Received Import Request.
  Time since last request: 880.841194 seconds.
  path: Assets/Cauldron.fbx
  artifactKey: Guid(788f5ae651c265b46900b9e82663bdae) Importer(815301076,1909f56bfc062723c751e8b465ee728b)
Start importing Assets/Cauldron.fbx using Guid(788f5ae651c265b46900b9e82663bdae) Importer(815301076,1909f56bfc062723c751e8b465ee728b)  -> (artifact id: 'e3faffe937cdcc55fa86dc6d502849b0') in 0.144307 seconds 
  Import took 0.148717 seconds .

========================================================================
Received Import Request.
  Time since last request: 2359.881071 seconds.
  path: Assets/Big Painting.fbx
  artifactKey: Guid(d551486315e3556468309062d80caa41) Importer(815301076,1909f56bfc062723c751e8b465ee728b)
Start importing Assets/Big Painting.fbx using Guid(d551486315e3556468309062d80caa41) Importer(815301076,1909f56bfc062723c751e8b465ee728b)  -> (artifact id: '0e0b03d11aaa43c0e72df4f330578f87') in 0.063797 seconds 
  Import took 0.079826 seconds .

========================================================================
Received Import Request.
  Time since last request: 7.303401 seconds.
  path: Assets/Materials/Painting Big.png
  artifactKey: Guid(869018282360a904c9e63d29abe223ea) Importer(815301076,1909f56bfc062723c751e8b465ee728b)
Start importing Assets/Materials/Painting Big.png using Guid(869018282360a904c9e63d29abe223ea) Importer(815301076,1909f56bfc062723c751e8b465ee728b)  -> (artifact id: 'affcda5a36c723ca15b8239f0ce5da46') in 0.029334 seconds 
  Import took 0.035523 seconds .

========================================================================
Received Import Request.
  Time since last request: 84.259513 seconds.
  path: Assets/Materials/Painting Big.png
  artifactKey: Guid(869018282360a904c9e63d29abe223ea) Importer(815301076,1909f56bfc062723c751e8b465ee728b)
Start importing Assets/Materials/Painting Big.png using Guid(869018282360a904c9e63d29abe223ea) Importer(815301076,1909f56bfc062723c751e8b465ee728b)  -> (artifact id: '307b93747a56990316af0346f78e7609') in 0.020794 seconds 
  Import took 0.024709 seconds .

========================================================================
Received Import Request.
  Time since last request: 19.532261 seconds.
  path: Assets/Materials/Painting Big.png
  artifactKey: Guid(869018282360a904c9e63d29abe223ea) Importer(815301076,1909f56bfc062723c751e8b465ee728b)
Start importing Assets/Materials/Painting Big.png using Guid(869018282360a904c9e63d29abe223ea) Importer(815301076,1909f56bfc062723c751e8b465ee728b)  -> (artifact id: '9b39b15718a083ad2ba0b88ab1c38d0f') in 0.018705 seconds 
  Import took 0.025265 seconds .

========================================================================
Received Import Request.
  Time since last request: 15.264263 seconds.
  path: Assets/Materials/Painting Big.png
  artifactKey: Guid(869018282360a904c9e63d29abe223ea) Importer(815301076,1909f56bfc062723c751e8b465ee728b)
Start importing Assets/Materials/Painting Big.png using Guid(869018282360a904c9e63d29abe223ea) Importer(815301076,1909f56bfc062723c751e8b465ee728b)  -> (artifact id: '307f63f530396dabf1d1b1868f13ba16') in 0.022679 seconds 
  Import took 0.027559 seconds .

========================================================================
Received Import Request.
  Time since last request: 227.880118 seconds.
  path: Assets/Materials/Painting Big.png
  artifactKey: Guid(869018282360a904c9e63d29abe223ea) Importer(815301076,1909f56bfc062723c751e8b465ee728b)
Start importing Assets/Materials/Painting Big.png using Guid(869018282360a904c9e63d29abe223ea) Importer(815301076,1909f56bfc062723c751e8b465ee728b)  -> (artifact id: '51745c68232ac19415278b8fb73d81ca') in 0.016487 seconds 
  Import took 0.020854 seconds .

========================================================================
Received Import Request.
  Time since last request: 22.490517 seconds.
  path: Assets/Materials/Painting Big.png
  artifactKey: Guid(869018282360a904c9e63d29abe223ea) Importer(815301076,1909f56bfc062723c751e8b465ee728b)
Start importing Assets/Materials/Painting Big.png using Guid(869018282360a904c9e63d29abe223ea) Importer(815301076,1909f56bfc062723c751e8b465ee728b)  -> (artifact id: '60da46f4e7bf3d31cca3027edcd3c750') in 0.017812 seconds 
  Import took 0.021809 seconds .

========================================================================
Received Import Request.
  Time since last request: 17.603368 seconds.
  path: Assets/Materials/Painting Big.png
  artifactKey: Guid(869018282360a904c9e63d29abe223ea) Importer(815301076,1909f56bfc062723c751e8b465ee728b)
Start importing Assets/Materials/Painting Big.png using Guid(869018282360a904c9e63d29abe223ea) Importer(815301076,1909f56bfc062723c751e8b465ee728b)  -> (artifact id: 'da4ffaab1b10338678cdecc29ffb75b2') in 0.022441 seconds 
  Import took 0.028070 seconds .

========================================================================
Received Import Request.
  Time since last request: 76.070786 seconds.
  path: Assets/Materials/Painting Big.png
  artifactKey: Guid(869018282360a904c9e63d29abe223ea) Importer(815301076,1909f56bfc062723c751e8b465ee728b)
Start importing Assets/Materials/Painting Big.png using Guid(869018282360a904c9e63d29abe223ea) Importer(815301076,1909f56bfc062723c751e8b465ee728b)  -> (artifact id: '55b91f66d2409a27c0d1c65670df311d') in 0.023259 seconds 
  Import took 0.026824 seconds .

========================================================================
Received Import Request.
  Time since last request: 45.750907 seconds.
  path: Assets/Materials/Painting Big.png
  artifactKey: Guid(869018282360a904c9e63d29abe223ea) Importer(815301076,1909f56bfc062723c751e8b465ee728b)
Start importing Assets/Materials/Painting Big.png using Guid(869018282360a904c9e63d29abe223ea) Importer(815301076,1909f56bfc062723c751e8b465ee728b)  -> (artifact id: 'd879bc299b6ea89fc932b7fd0da2eff1') in 0.023480 seconds 
  Import took 0.028008 seconds .

========================================================================
Received Import Request.
  Time since last request: 25.895777 seconds.
  path: Assets/Materials/Painting Big.png
  artifactKey: Guid(869018282360a904c9e63d29abe223ea) Importer(815301076,1909f56bfc062723c751e8b465ee728b)
Start importing Assets/Materials/Painting Big.png using Guid(869018282360a904c9e63d29abe223ea) Importer(815301076,1909f56bfc062723c751e8b465ee728b)  -> (artifact id: '6bb9a2b7878c0415d237f2e3cc2f8a0c') in 0.017866 seconds 
  Import took 0.021083 seconds .

========================================================================
Received Import Request.
  Time since last request: 509.026489 seconds.
  path: Assets/Materials/Small Painting.png
  artifactKey: Guid(381225bd8d480f0459fbfebe3eb88138) Importer(815301076,1909f56bfc062723c751e8b465ee728b)
Start importing Assets/Materials/Small Painting.png using Guid(381225bd8d480f0459fbfebe3eb88138) Importer(815301076,1909f56bfc062723c751e8b465ee728b)  -> (artifact id: 'a5f2c1384dd1e15bf544532f5a3cf652') in 0.030032 seconds 
  Import took 0.036545 seconds .

========================================================================
Received Import Request.
  Time since last request: 1.077558 seconds.
  path: Assets/Small Painting.fbx
  artifactKey: Guid(b8decc099af71fc44979c8ecf8719474) Importer(815301076,1909f56bfc062723c751e8b465ee728b)
Start importing Assets/Small Painting.fbx using Guid(b8decc099af71fc44979c8ecf8719474) Importer(815301076,1909f56bfc062723c751e8b465ee728b)  -> (artifact id: 'a8e7cb7806a152eb13c004c3fb0a9dd4') in 0.032492 seconds 
  Import took 0.038238 seconds .

========================================================================
Received Import Request.
  Time since last request: 58.639056 seconds.
  path: Assets/Materials/Small Painting.png
  artifactKey: Guid(381225bd8d480f0459fbfebe3eb88138) Importer(815301076,1909f56bfc062723c751e8b465ee728b)
Start importing Assets/Materials/Small Painting.png using Guid(381225bd8d480f0459fbfebe3eb88138) Importer(815301076,1909f56bfc062723c751e8b465ee728b)  -> (artifact id: 'be590179bcb4147116ef288aa71e18a4') in 0.022993 seconds 
  Import took 0.027839 seconds .

========================================================================
Received Import Request.
  Time since last request: 99.956999 seconds.
  path: Assets/Materials/Small Painting.png
  artifactKey: Guid(381225bd8d480f0459fbfebe3eb88138) Importer(815301076,1909f56bfc062723c751e8b465ee728b)
Start importing Assets/Materials/Small Painting.png using Guid(381225bd8d480f0459fbfebe3eb88138) Importer(815301076,1909f56bfc062723c751e8b465ee728b)  -> (artifact id: '04a7f09c6d37060107d0a2360ebde9d0') in 0.017959 seconds 
  Import took 0.025086 seconds .

========================================================================
Received Import Request.
  Time since last request: 944.715727 seconds.
  path: Assets/Candle.fbx
  artifactKey: Guid(a8465cea3a73aa64b9e3955393b33da4) Importer(815301076,1909f56bfc062723c751e8b465ee728b)
Start importing Assets/Candle.fbx using Guid(a8465cea3a73aa64b9e3955393b33da4) Importer(815301076,1909f56bfc062723c751e8b465ee728b)  -> (artifact id: '4ac24e30e90a241aa4e9c0c0c84db9e8') in 0.055353 seconds 
  Import took 0.059517 seconds .

========================================================================
Received Import Request.
  Time since last request: 115.135042 seconds.
  path: Assets/Candle.fbx
  artifactKey: Guid(a8465cea3a73aa64b9e3955393b33da4) Importer(815301076,1909f56bfc062723c751e8b465ee728b)
Start importing Assets/Candle.fbx using Guid(a8465cea3a73aa64b9e3955393b33da4) Importer(815301076,1909f56bfc062723c751e8b465ee728b)  -> (artifact id: '0ae890a19620f1762aa9d58bbcbe3f28') in 0.044659 seconds 
  Import took 0.048653 seconds .

AssetImportWorkerClient::OnTransportError - code=2 error=End of file
